<?xml version="1.0" encoding="UTF-8"?>
<testsuite xmlns:xsi="http://www.w3.org/2001/XMLSchema-instance" xsi:noNamespaceSchemaLocation="https://maven.apache.org/surefire/maven-surefire-plugin/xsd/surefire-test-report.xsd" name="com.serveTechIT.ServeTechIt.ServeTechApplicationTests" time="7.013" tests="1" errors="1" skipped="0" failures="0">
  <properties>
    <property name="java.specification.version" value="17"/>
    <property name="sun.jnu.encoding" value="UTF-8"/>
    <property name="java.class.path" value="/home/waxes27/WORK/ServTech-IT-Solutions/backend/target/test-classes:/home/waxes27/WORK/ServTech-IT-Solutions/backend/target/classes:/home/waxes27/.m2/repository/org/springframework/boot/spring-boot-starter-amqp/2.7.9/spring-boot-starter-amqp-2.7.9.jar:/home/waxes27/.m2/repository/org/springframework/boot/spring-boot-starter/2.7.9/spring-boot-starter-2.7.9.jar:/home/waxes27/.m2/repository/org/springframework/boot/spring-boot/2.7.9/spring-boot-2.7.9.jar:/home/waxes27/.m2/repository/org/springframework/boot/spring-boot-autoconfigure/2.7.9/spring-boot-autoconfigure-2.7.9.jar:/home/waxes27/.m2/repository/org/springframework/boot/spring-boot-starter-logging/2.7.9/spring-boot-starter-logging-2.7.9.jar:/home/waxes27/.m2/repository/ch/qos/logback/logback-classic/1.2.11/logback-classic-1.2.11.jar:/home/waxes27/.m2/repository/ch/qos/logback/logback-core/1.2.11/logback-core-1.2.11.jar:/home/waxes27/.m2/repository/org/apache/logging/log4j/log4j-to-slf4j/2.17.2/log4j-to-slf4j-2.17.2.jar:/home/waxes27/.m2/repository/org/apache/logging/log4j/log4j-api/2.17.2/log4j-api-2.17.2.jar:/home/waxes27/.m2/repository/org/slf4j/jul-to-slf4j/1.7.36/jul-to-slf4j-1.7.36.jar:/home/waxes27/.m2/repository/jakarta/annotation/jakarta.annotation-api/1.3.5/jakarta.annotation-api-1.3.5.jar:/home/waxes27/.m2/repository/org/yaml/snakeyaml/1.30/snakeyaml-1.30.jar:/home/waxes27/.m2/repository/org/springframework/spring-messaging/5.3.25/spring-messaging-5.3.25.jar:/home/waxes27/.m2/repository/org/springframework/spring-beans/5.3.25/spring-beans-5.3.25.jar:/home/waxes27/.m2/repository/org/springframework/amqp/spring-rabbit/2.4.10/spring-rabbit-2.4.10.jar:/home/waxes27/.m2/repository/org/springframework/amqp/spring-amqp/2.4.10/spring-amqp-2.4.10.jar:/home/waxes27/.m2/repository/org/springframework/retry/spring-retry/1.3.4/spring-retry-1.3.4.jar:/home/waxes27/.m2/repository/com/rabbitmq/amqp-client/5.14.2/amqp-client-5.14.2.jar:/home/waxes27/.m2/repository/org/springframework/spring-context/5.3.25/spring-context-5.3.25.jar:/home/waxes27/.m2/repository/org/springframework/spring-tx/5.3.25/spring-tx-5.3.25.jar:/home/waxes27/.m2/repository/org/springframework/boot/spring-boot-starter-data-jpa/2.7.9/spring-boot-starter-data-jpa-2.7.9.jar:/home/waxes27/.m2/repository/org/springframework/boot/spring-boot-starter-aop/2.7.9/spring-boot-starter-aop-2.7.9.jar:/home/waxes27/.m2/repository/org/aspectj/aspectjweaver/1.9.7/aspectjweaver-1.9.7.jar:/home/waxes27/.m2/repository/org/springframework/boot/spring-boot-starter-jdbc/2.7.9/spring-boot-starter-jdbc-2.7.9.jar:/home/waxes27/.m2/repository/com/zaxxer/HikariCP/4.0.3/HikariCP-4.0.3.jar:/home/waxes27/.m2/repository/org/springframework/spring-jdbc/5.3.25/spring-jdbc-5.3.25.jar:/home/waxes27/.m2/repository/jakarta/transaction/jakarta.transaction-api/1.3.3/jakarta.transaction-api-1.3.3.jar:/home/waxes27/.m2/repository/jakarta/persistence/jakarta.persistence-api/2.2.3/jakarta.persistence-api-2.2.3.jar:/home/waxes27/.m2/repository/org/hibernate/hibernate-core/5.6.15.Final/hibernate-core-5.6.15.Final.jar:/home/waxes27/.m2/repository/org/jboss/logging/jboss-logging/3.4.3.Final/jboss-logging-3.4.3.Final.jar:/home/waxes27/.m2/repository/net/bytebuddy/byte-buddy/1.12.23/byte-buddy-1.12.23.jar:/home/waxes27/.m2/repository/antlr/antlr/2.7.7/antlr-2.7.7.jar:/home/waxes27/.m2/repository/org/jboss/jandex/2.4.2.Final/jandex-2.4.2.Final.jar:/home/waxes27/.m2/repository/com/fasterxml/classmate/1.5.1/classmate-1.5.1.jar:/home/waxes27/.m2/repository/org/hibernate/common/hibernate-commons-annotations/5.1.2.Final/hibernate-commons-annotations-5.1.2.Final.jar:/home/waxes27/.m2/repository/org/glassfish/jaxb/jaxb-runtime/2.3.8/jaxb-runtime-2.3.8.jar:/home/waxes27/.m2/repository/org/glassfish/jaxb/txw2/2.3.8/txw2-2.3.8.jar:/home/waxes27/.m2/repository/com/sun/istack/istack-commons-runtime/3.0.12/istack-commons-runtime-3.0.12.jar:/home/waxes27/.m2/repository/com/sun/activation/jakarta.activation/1.2.2/jakarta.activation-1.2.2.jar:/home/waxes27/.m2/repository/org/springframework/data/spring-data-jpa/2.7.8/spring-data-jpa-2.7.8.jar:/home/waxes27/.m2/repository/org/springframework/data/spring-data-commons/2.7.8/spring-data-commons-2.7.8.jar:/home/waxes27/.m2/repository/org/springframework/spring-orm/5.3.25/spring-orm-5.3.25.jar:/home/waxes27/.m2/repository/org/slf4j/slf4j-api/1.7.36/slf4j-api-1.7.36.jar:/home/waxes27/.m2/repository/org/springframework/spring-aspects/5.3.25/spring-aspects-5.3.25.jar:/home/waxes27/.m2/repository/org/springframework/boot/spring-boot-starter-security/2.7.9/spring-boot-starter-security-2.7.9.jar:/home/waxes27/.m2/repository/org/springframework/spring-aop/5.3.25/spring-aop-5.3.25.jar:/home/waxes27/.m2/repository/org/springframework/security/spring-security-config/5.7.7/spring-security-config-5.7.7.jar:/home/waxes27/.m2/repository/org/springframework/security/spring-security-web/5.7.7/spring-security-web-5.7.7.jar:/home/waxes27/.m2/repository/org/springframework/spring-expression/5.3.25/spring-expression-5.3.25.jar:/home/waxes27/.m2/repository/org/springframework/boot/spring-boot-starter-web/2.7.9/spring-boot-starter-web-2.7.9.jar:/home/waxes27/.m2/repository/org/springframework/boot/spring-boot-starter-json/2.7.9/spring-boot-starter-json-2.7.9.jar:/home/waxes27/.m2/repository/com/fasterxml/jackson/core/jackson-databind/2.13.5/jackson-databind-2.13.5.jar:/home/waxes27/.m2/repository/com/fasterxml/jackson/core/jackson-annotations/2.13.5/jackson-annotations-2.13.5.jar:/home/waxes27/.m2/repository/com/fasterxml/jackson/core/jackson-core/2.13.5/jackson-core-2.13.5.jar:/home/waxes27/.m2/repository/com/fasterxml/jackson/datatype/jackson-datatype-jdk8/2.13.5/jackson-datatype-jdk8-2.13.5.jar:/home/waxes27/.m2/repository/com/fasterxml/jackson/datatype/jackson-datatype-jsr310/2.13.5/jackson-datatype-jsr310-2.13.5.jar:/home/waxes27/.m2/repository/com/fasterxml/jackson/module/jackson-module-parameter-names/2.13.5/jackson-module-parameter-names-2.13.5.jar:/home/waxes27/.m2/repository/org/springframework/boot/spring-boot-starter-tomcat/2.7.9/spring-boot-starter-tomcat-2.7.9.jar:/home/waxes27/.m2/repository/org/apache/tomcat/embed/tomcat-embed-core/9.0.71/tomcat-embed-core-9.0.71.jar:/home/waxes27/.m2/repository/org/apache/tomcat/embed/tomcat-embed-el/9.0.71/tomcat-embed-el-9.0.71.jar:/home/waxes27/.m2/repository/org/apache/tomcat/embed/tomcat-embed-websocket/9.0.71/tomcat-embed-websocket-9.0.71.jar:/home/waxes27/.m2/repository/org/springframework/spring-web/5.3.25/spring-web-5.3.25.jar:/home/waxes27/.m2/repository/org/springframework/spring-webmvc/5.3.25/spring-webmvc-5.3.25.jar:/home/waxes27/.m2/repository/org/apache/camel/springboot/camel-spring-boot-starter/3.20.2/camel-spring-boot-starter-3.20.2.jar:/home/waxes27/.m2/repository/org/apache/camel/springboot/camel-spring-boot/3.20.2/camel-spring-boot-3.20.2.jar:/home/waxes27/.m2/repository/org/apache/camel/camel-spring/3.20.2/camel-spring-3.20.2.jar:/home/waxes27/.m2/repository/org/apache/camel/camel-management-api/3.20.2/camel-management-api-3.20.2.jar:/home/waxes27/.m2/repository/org/apache/camel/camel-spring-main/3.20.2/camel-spring-main-3.20.2.jar:/home/waxes27/.m2/repository/org/apache/camel/camel-main/3.20.2/camel-main-3.20.2.jar:/home/waxes27/.m2/repository/org/apache/camel/camel-base/3.20.2/camel-base-3.20.2.jar:/home/waxes27/.m2/repository/org/apache/camel/camel-core-languages/3.20.2/camel-core-languages-3.20.2.jar:/home/waxes27/.m2/repository/org/apache/camel/camel-util-json/3.20.2/camel-util-json-3.20.2.jar:/home/waxes27/.m2/repository/org/apache/camel/camel-xml-jaxb-dsl/3.20.2/camel-xml-jaxb-dsl-3.20.2.jar:/home/waxes27/.m2/repository/org/apache/camel/camel-xml-jaxb/3.20.2/camel-xml-jaxb-3.20.2.jar:/home/waxes27/.m2/repository/com/sun/xml/bind/jaxb-core/2.3.0/jaxb-core-2.3.0.jar:/home/waxes27/.m2/repository/com/sun/xml/bind/jaxb-impl/2.3.3/jaxb-impl-2.3.3.jar:/home/waxes27/.m2/repository/org/apache/camel/camel-dsl-support/3.20.2/camel-dsl-support-3.20.2.jar:/home/waxes27/.m2/repository/org/apache/camel/camel-spring-xml/3.20.2/camel-spring-xml-3.20.2.jar:/home/waxes27/.m2/repository/org/apache/camel/camel-core-xml/3.20.2/camel-core-xml-3.20.2.jar:/home/waxes27/.m2/repository/javax/annotation/javax.annotation-api/1.3.2/javax.annotation-api-1.3.2.jar:/home/waxes27/.m2/repository/org/apache/camel/camel-cloud/3.20.2/camel-cloud-3.20.2.jar:/home/waxes27/.m2/repository/org/apache/camel/camel-core-model/3.20.2/camel-core-model-3.20.2.jar:/home/waxes27/.m2/repository/org/apache/camel/camel-core-processor/3.20.2/camel-core-processor-3.20.2.jar:/home/waxes27/.m2/repository/org/apache/camel/camel-cluster/3.20.2/camel-cluster-3.20.2.jar:/home/waxes27/.m2/repository/org/apache/camel/camel-base-engine/3.20.2/camel-base-engine-3.20.2.jar:/home/waxes27/.m2/repository/org/apache/camel/camel-health/3.20.2/camel-health-3.20.2.jar:/home/waxes27/.m2/repository/org/apache/camel/springboot/camel-core-starter/3.20.2/camel-core-starter-3.20.2.jar:/home/waxes27/.m2/repository/org/apache/camel/camel-core-engine/3.20.2/camel-core-engine-3.20.2.jar:/home/waxes27/.m2/repository/org/apache/camel/camel-api/3.20.2/camel-api-3.20.2.jar:/home/waxes27/.m2/repository/org/apache/camel/camel-core-reifier/3.20.2/camel-core-reifier-3.20.2.jar:/home/waxes27/.m2/repository/org/apache/camel/camel-support/3.20.2/camel-support-3.20.2.jar:/home/waxes27/.m2/repository/org/apache/camel/camel-util/3.20.2/camel-util-3.20.2.jar:/home/waxes27/.m2/repository/org/apache/camel/springboot/camel-bean-starter/3.20.2/camel-bean-starter-3.20.2.jar:/home/waxes27/.m2/repository/org/apache/camel/camel-bean/3.20.2/camel-bean-3.20.2.jar:/home/waxes27/.m2/repository/org/apache/camel/springboot/camel-browse-starter/3.20.2/camel-browse-starter-3.20.2.jar:/home/waxes27/.m2/repository/org/apache/camel/camel-browse/3.20.2/camel-browse-3.20.2.jar:/home/waxes27/.m2/repository/org/apache/camel/springboot/camel-controlbus-starter/3.20.2/camel-controlbus-starter-3.20.2.jar:/home/waxes27/.m2/repository/org/apache/camel/camel-controlbus/3.20.2/camel-controlbus-3.20.2.jar:/home/waxes27/.m2/repository/org/apache/camel/springboot/camel-dataformat-starter/3.20.2/camel-dataformat-starter-3.20.2.jar:/home/waxes27/.m2/repository/org/apache/camel/camel-dataformat/3.20.2/camel-dataformat-3.20.2.jar:/home/waxes27/.m2/repository/org/apache/camel/springboot/camel-dataset-starter/3.20.2/camel-dataset-starter-3.20.2.jar:/home/waxes27/.m2/repository/org/apache/camel/camel-dataset/3.20.2/camel-dataset-3.20.2.jar:/home/waxes27/.m2/repository/org/apache/camel/springboot/camel-direct-starter/3.20.2/camel-direct-starter-3.20.2.jar:/home/waxes27/.m2/repository/org/apache/camel/camel-direct/3.20.2/camel-direct-3.20.2.jar:/home/waxes27/.m2/repository/org/apache/camel/springboot/camel-directvm-starter/3.20.2/camel-directvm-starter-3.20.2.jar:/home/waxes27/.m2/repository/org/apache/camel/camel-directvm/3.20.2/camel-directvm-3.20.2.jar:/home/waxes27/.m2/repository/org/apache/camel/springboot/camel-file-starter/3.20.2/camel-file-starter-3.20.2.jar:/home/waxes27/.m2/repository/org/apache/camel/camel-file/3.20.2/camel-file-3.20.2.jar:/home/waxes27/.m2/repository/org/apache/camel/springboot/camel-language-starter/3.20.2/camel-language-starter-3.20.2.jar:/home/waxes27/.m2/repository/org/apache/camel/camel-language/3.20.2/camel-language-3.20.2.jar:/home/waxes27/.m2/repository/org/apache/camel/springboot/camel-log-starter/3.20.2/camel-log-starter-3.20.2.jar:/home/waxes27/.m2/repository/org/apache/camel/camel-log/3.20.2/camel-log-3.20.2.jar:/home/waxes27/.m2/repository/org/apache/camel/springboot/camel-mock-starter/3.20.2/camel-mock-starter-3.20.2.jar:/home/waxes27/.m2/repository/org/apache/camel/camel-mock/3.20.2/camel-mock-3.20.2.jar:/home/waxes27/.m2/repository/org/apache/camel/springboot/camel-ref-starter/3.20.2/camel-ref-starter-3.20.2.jar:/home/waxes27/.m2/repository/org/apache/camel/camel-ref/3.20.2/camel-ref-3.20.2.jar:/home/waxes27/.m2/repository/org/apache/camel/springboot/camel-rest-starter/3.20.2/camel-rest-starter-3.20.2.jar:/home/waxes27/.m2/repository/org/apache/camel/camel-rest/3.20.2/camel-rest-3.20.2.jar:/home/waxes27/.m2/repository/org/apache/camel/camel-tooling-model/3.20.2/camel-tooling-model-3.20.2.jar:/home/waxes27/.m2/repository/org/apache/camel/springboot/camel-saga-starter/3.20.2/camel-saga-starter-3.20.2.jar:/home/waxes27/.m2/repository/org/apache/camel/camel-saga/3.20.2/camel-saga-3.20.2.jar:/home/waxes27/.m2/repository/org/apache/camel/springboot/camel-scheduler-starter/3.20.2/camel-scheduler-starter-3.20.2.jar:/home/waxes27/.m2/repository/org/apache/camel/camel-scheduler/3.20.2/camel-scheduler-3.20.2.jar:/home/waxes27/.m2/repository/org/apache/camel/springboot/camel-seda-starter/3.20.2/camel-seda-starter-3.20.2.jar:/home/waxes27/.m2/repository/org/apache/camel/camel-seda/3.20.2/camel-seda-3.20.2.jar:/home/waxes27/.m2/repository/org/apache/camel/springboot/camel-stub-starter/3.20.2/camel-stub-starter-3.20.2.jar:/home/waxes27/.m2/repository/org/apache/camel/camel-stub/3.20.2/camel-stub-3.20.2.jar:/home/waxes27/.m2/repository/org/apache/camel/springboot/camel-timer-starter/3.20.2/camel-timer-starter-3.20.2.jar:/home/waxes27/.m2/repository/org/apache/camel/camel-timer/3.20.2/camel-timer-3.20.2.jar:/home/waxes27/.m2/repository/org/apache/camel/springboot/camel-validator-starter/3.20.2/camel-validator-starter-3.20.2.jar:/home/waxes27/.m2/repository/org/apache/camel/camel-validator/3.20.2/camel-validator-3.20.2.jar:/home/waxes27/.m2/repository/org/apache/camel/springboot/camel-vm-starter/3.20.2/camel-vm-starter-3.20.2.jar:/home/waxes27/.m2/repository/org/apache/camel/camel-vm/3.20.2/camel-vm-3.20.2.jar:/home/waxes27/.m2/repository/org/apache/camel/springboot/camel-xpath-starter/3.20.2/camel-xpath-starter-3.20.2.jar:/home/waxes27/.m2/repository/org/apache/camel/camel-xpath/3.20.2/camel-xpath-3.20.2.jar:/home/waxes27/.m2/repository/org/apache/camel/springboot/camel-xslt-starter/3.20.2/camel-xslt-starter-3.20.2.jar:/home/waxes27/.m2/repository/org/apache/camel/camel-xslt/3.20.2/camel-xslt-3.20.2.jar:/home/waxes27/.m2/repository/org/apache/camel/springboot/camel-xml-jaxp-starter/3.20.2/camel-xml-jaxp-starter-3.20.2.jar:/home/waxes27/.m2/repository/org/apache/camel/camel-xml-jaxp/3.20.2/camel-xml-jaxp-3.20.2.jar:/home/waxes27/.m2/repository/org/apache/camel/camel-xml-io-util/3.20.2/camel-xml-io-util-3.20.2.jar:/home/waxes27/.m2/repository/org/springframework/session/spring-session-core/2.4.2/spring-session-core-2.4.2.jar:/home/waxes27/.m2/repository/org/springframework/spring-jcl/5.3.25/spring-jcl-5.3.25.jar:/home/waxes27/.m2/repository/org/springframework/session/spring-session-data-redis/2.4.2/spring-session-data-redis-2.4.2.jar:/home/waxes27/.m2/repository/org/springframework/data/spring-data-redis/2.7.8/spring-data-redis-2.7.8.jar:/home/waxes27/.m2/repository/org/springframework/data/spring-data-keyvalue/2.7.8/spring-data-keyvalue-2.7.8.jar:/home/waxes27/.m2/repository/org/springframework/spring-oxm/5.3.25/spring-oxm-5.3.25.jar:/home/waxes27/.m2/repository/org/springframework/spring-context-support/5.3.25/spring-context-support-5.3.25.jar:/home/waxes27/.m2/repository/io/lettuce/lettuce-core/5.3.1.RELEASE/lettuce-core-5.3.1.RELEASE.jar:/home/waxes27/.m2/repository/io/netty/netty-common/4.1.89.Final/netty-common-4.1.89.Final.jar:/home/waxes27/.m2/repository/io/netty/netty-handler/4.1.89.Final/netty-handler-4.1.89.Final.jar:/home/waxes27/.m2/repository/io/netty/netty-resolver/4.1.89.Final/netty-resolver-4.1.89.Final.jar:/home/waxes27/.m2/repository/io/netty/netty-buffer/4.1.89.Final/netty-buffer-4.1.89.Final.jar:/home/waxes27/.m2/repository/io/netty/netty-transport-native-unix-common/4.1.89.Final/netty-transport-native-unix-common-4.1.89.Final.jar:/home/waxes27/.m2/repository/io/netty/netty-codec/4.1.89.Final/netty-codec-4.1.89.Final.jar:/home/waxes27/.m2/repository/io/netty/netty-transport/4.1.89.Final/netty-transport-4.1.89.Final.jar:/home/waxes27/.m2/repository/io/projectreactor/reactor-core/3.4.27/reactor-core-3.4.27.jar:/home/waxes27/.m2/repository/org/reactivestreams/reactive-streams/1.0.4/reactive-streams-1.0.4.jar:/home/waxes27/.m2/repository/org/postgresql/postgresql/42.3.8/postgresql-42.3.8.jar:/home/waxes27/.m2/repository/org/checkerframework/checker-qual/3.5.0/checker-qual-3.5.0.jar:/home/waxes27/.m2/repository/org/projectlombok/lombok/1.18.26/lombok-1.18.26.jar:/home/waxes27/.m2/repository/org/springframework/boot/spring-boot-starter-test/2.7.9/spring-boot-starter-test-2.7.9.jar:/home/waxes27/.m2/repository/org/springframework/boot/spring-boot-test/2.7.9/spring-boot-test-2.7.9.jar:/home/waxes27/.m2/repository/org/springframework/boot/spring-boot-test-autoconfigure/2.7.9/spring-boot-test-autoconfigure-2.7.9.jar:/home/waxes27/.m2/repository/com/jayway/jsonpath/json-path/2.7.0/json-path-2.7.0.jar:/home/waxes27/.m2/repository/net/minidev/json-smart/2.4.8/json-smart-2.4.8.jar:/home/waxes27/.m2/repository/net/minidev/accessors-smart/2.4.8/accessors-smart-2.4.8.jar:/home/waxes27/.m2/repository/org/ow2/asm/asm/9.1/asm-9.1.jar:/home/waxes27/.m2/repository/jakarta/xml/bind/jakarta.xml.bind-api/2.3.3/jakarta.xml.bind-api-2.3.3.jar:/home/waxes27/.m2/repository/jakarta/activation/jakarta.activation-api/1.2.2/jakarta.activation-api-1.2.2.jar:/home/waxes27/.m2/repository/org/assertj/assertj-core/3.22.0/assertj-core-3.22.0.jar:/home/waxes27/.m2/repository/org/hamcrest/hamcrest/2.2/hamcrest-2.2.jar:/home/waxes27/.m2/repository/org/junit/jupiter/junit-jupiter/5.8.2/junit-jupiter-5.8.2.jar:/home/waxes27/.m2/repository/org/junit/jupiter/junit-jupiter-api/5.8.2/junit-jupiter-api-5.8.2.jar:/home/waxes27/.m2/repository/org/opentest4j/opentest4j/1.2.0/opentest4j-1.2.0.jar:/home/waxes27/.m2/repository/org/junit/platform/junit-platform-commons/1.8.2/junit-platform-commons-1.8.2.jar:/home/waxes27/.m2/repository/org/apiguardian/apiguardian-api/1.1.2/apiguardian-api-1.1.2.jar:/home/waxes27/.m2/repository/org/junit/jupiter/junit-jupiter-params/5.8.2/junit-jupiter-params-5.8.2.jar:/home/waxes27/.m2/repository/org/junit/jupiter/junit-jupiter-engine/5.8.2/junit-jupiter-engine-5.8.2.jar:/home/waxes27/.m2/repository/org/junit/platform/junit-platform-engine/1.8.2/junit-platform-engine-1.8.2.jar:/home/waxes27/.m2/repository/org/mockito/mockito-core/4.5.1/mockito-core-4.5.1.jar:/home/waxes27/.m2/repository/net/bytebuddy/byte-buddy-agent/1.12.23/byte-buddy-agent-1.12.23.jar:/home/waxes27/.m2/repository/org/objenesis/objenesis/3.2/objenesis-3.2.jar:/home/waxes27/.m2/repository/org/mockito/mockito-junit-jupiter/4.5.1/mockito-junit-jupiter-4.5.1.jar:/home/waxes27/.m2/repository/org/skyscreamer/jsonassert/1.5.1/jsonassert-1.5.1.jar:/home/waxes27/.m2/repository/com/vaadin/external/google/android-json/0.0.20131108.vaadin1/android-json-0.0.20131108.vaadin1.jar:/home/waxes27/.m2/repository/org/springframework/spring-core/5.3.25/spring-core-5.3.25.jar:/home/waxes27/.m2/repository/org/springframework/spring-test/5.3.25/spring-test-5.3.25.jar:/home/waxes27/.m2/repository/org/xmlunit/xmlunit-core/2.9.1/xmlunit-core-2.9.1.jar:/home/waxes27/.m2/repository/org/springframework/amqp/spring-rabbit-test/2.4.10/spring-rabbit-test-2.4.10.jar:/home/waxes27/.m2/repository/org/springframework/amqp/spring-rabbit-junit/2.4.10/spring-rabbit-junit-2.4.10.jar:/home/waxes27/.m2/repository/org/apache/httpcomponents/httpclient/4.5.14/httpclient-4.5.14.jar:/home/waxes27/.m2/repository/org/apache/httpcomponents/httpcore/4.4.16/httpcore-4.4.16.jar:/home/waxes27/.m2/repository/commons-codec/commons-codec/1.15/commons-codec-1.15.jar:/home/waxes27/.m2/repository/org/hamcrest/hamcrest-library/2.2/hamcrest-library-2.2.jar:/home/waxes27/.m2/repository/org/hamcrest/hamcrest-core/2.2/hamcrest-core-2.2.jar:/home/waxes27/.m2/repository/org/springframework/security/spring-security-test/5.7.7/spring-security-test-5.7.7.jar:/home/waxes27/.m2/repository/org/springframework/security/spring-security-core/5.7.7/spring-security-core-5.7.7.jar:/home/waxes27/.m2/repository/org/springframework/security/spring-security-crypto/5.7.7/spring-security-crypto-5.7.7.jar:"/>
    <property name="java.vm.vendor" value="Azul Systems, Inc."/>
    <property name="sun.arch.data.model" value="64"/>
    <property name="swing.aatext" value="true"/>
    <property name="java.vendor.url" value="http://www.azul.com/"/>
    <property name="os.name" value="Linux"/>
    <property name="java.vm.specification.version" value="17"/>
    <property name="sun.java.launcher" value="SUN_STANDARD"/>
    <property name="user.country" value="ZA"/>
    <property name="sun.boot.library.path" value="/home/waxes27/.sdkman/candidates/java/17.0.6-zulu/lib"/>
    <property name="sun.java.command" value="/home/waxes27/WORK/ServTech-IT-Solutions/backend/target/surefire/surefirebooter18404474020307403489.jar /home/waxes27/WORK/ServTech-IT-Solutions/backend/target/surefire 2023-03-07T20-37-42_516-jvmRun1 surefire11211078656451221681tmp surefire_011501073739312800614tmp"/>
    <property name="jdk.debug" value="release"/>
    <property name="surefire.test.class.path" value="/home/waxes27/WORK/ServTech-IT-Solutions/backend/target/test-classes:/home/waxes27/WORK/ServTech-IT-Solutions/backend/target/classes:/home/waxes27/.m2/repository/org/springframework/boot/spring-boot-starter-amqp/2.7.9/spring-boot-starter-amqp-2.7.9.jar:/home/waxes27/.m2/repository/org/springframework/boot/spring-boot-starter/2.7.9/spring-boot-starter-2.7.9.jar:/home/waxes27/.m2/repository/org/springframework/boot/spring-boot/2.7.9/spring-boot-2.7.9.jar:/home/waxes27/.m2/repository/org/springframework/boot/spring-boot-autoconfigure/2.7.9/spring-boot-autoconfigure-2.7.9.jar:/home/waxes27/.m2/repository/org/springframework/boot/spring-boot-starter-logging/2.7.9/spring-boot-starter-logging-2.7.9.jar:/home/waxes27/.m2/repository/ch/qos/logback/logback-classic/1.2.11/logback-classic-1.2.11.jar:/home/waxes27/.m2/repository/ch/qos/logback/logback-core/1.2.11/logback-core-1.2.11.jar:/home/waxes27/.m2/repository/org/apache/logging/log4j/log4j-to-slf4j/2.17.2/log4j-to-slf4j-2.17.2.jar:/home/waxes27/.m2/repository/org/apache/logging/log4j/log4j-api/2.17.2/log4j-api-2.17.2.jar:/home/waxes27/.m2/repository/org/slf4j/jul-to-slf4j/1.7.36/jul-to-slf4j-1.7.36.jar:/home/waxes27/.m2/repository/jakarta/annotation/jakarta.annotation-api/1.3.5/jakarta.annotation-api-1.3.5.jar:/home/waxes27/.m2/repository/org/yaml/snakeyaml/1.30/snakeyaml-1.30.jar:/home/waxes27/.m2/repository/org/springframework/spring-messaging/5.3.25/spring-messaging-5.3.25.jar:/home/waxes27/.m2/repository/org/springframework/spring-beans/5.3.25/spring-beans-5.3.25.jar:/home/waxes27/.m2/repository/org/springframework/amqp/spring-rabbit/2.4.10/spring-rabbit-2.4.10.jar:/home/waxes27/.m2/repository/org/springframework/amqp/spring-amqp/2.4.10/spring-amqp-2.4.10.jar:/home/waxes27/.m2/repository/org/springframework/retry/spring-retry/1.3.4/spring-retry-1.3.4.jar:/home/waxes27/.m2/repository/com/rabbitmq/amqp-client/5.14.2/amqp-client-5.14.2.jar:/home/waxes27/.m2/repository/org/springframework/spring-context/5.3.25/spring-context-5.3.25.jar:/home/waxes27/.m2/repository/org/springframework/spring-tx/5.3.25/spring-tx-5.3.25.jar:/home/waxes27/.m2/repository/org/springframework/boot/spring-boot-starter-data-jpa/2.7.9/spring-boot-starter-data-jpa-2.7.9.jar:/home/waxes27/.m2/repository/org/springframework/boot/spring-boot-starter-aop/2.7.9/spring-boot-starter-aop-2.7.9.jar:/home/waxes27/.m2/repository/org/aspectj/aspectjweaver/1.9.7/aspectjweaver-1.9.7.jar:/home/waxes27/.m2/repository/org/springframework/boot/spring-boot-starter-jdbc/2.7.9/spring-boot-starter-jdbc-2.7.9.jar:/home/waxes27/.m2/repository/com/zaxxer/HikariCP/4.0.3/HikariCP-4.0.3.jar:/home/waxes27/.m2/repository/org/springframework/spring-jdbc/5.3.25/spring-jdbc-5.3.25.jar:/home/waxes27/.m2/repository/jakarta/transaction/jakarta.transaction-api/1.3.3/jakarta.transaction-api-1.3.3.jar:/home/waxes27/.m2/repository/jakarta/persistence/jakarta.persistence-api/2.2.3/jakarta.persistence-api-2.2.3.jar:/home/waxes27/.m2/repository/org/hibernate/hibernate-core/5.6.15.Final/hibernate-core-5.6.15.Final.jar:/home/waxes27/.m2/repository/org/jboss/logging/jboss-logging/3.4.3.Final/jboss-logging-3.4.3.Final.jar:/home/waxes27/.m2/repository/net/bytebuddy/byte-buddy/1.12.23/byte-buddy-1.12.23.jar:/home/waxes27/.m2/repository/antlr/antlr/2.7.7/antlr-2.7.7.jar:/home/waxes27/.m2/repository/org/jboss/jandex/2.4.2.Final/jandex-2.4.2.Final.jar:/home/waxes27/.m2/repository/com/fasterxml/classmate/1.5.1/classmate-1.5.1.jar:/home/waxes27/.m2/repository/org/hibernate/common/hibernate-commons-annotations/5.1.2.Final/hibernate-commons-annotations-5.1.2.Final.jar:/home/waxes27/.m2/repository/org/glassfish/jaxb/jaxb-runtime/2.3.8/jaxb-runtime-2.3.8.jar:/home/waxes27/.m2/repository/org/glassfish/jaxb/txw2/2.3.8/txw2-2.3.8.jar:/home/waxes27/.m2/repository/com/sun/istack/istack-commons-runtime/3.0.12/istack-commons-runtime-3.0.12.jar:/home/waxes27/.m2/repository/com/sun/activation/jakarta.activation/1.2.2/jakarta.activation-1.2.2.jar:/home/waxes27/.m2/repository/org/springframework/data/spring-data-jpa/2.7.8/spring-data-jpa-2.7.8.jar:/home/waxes27/.m2/repository/org/springframework/data/spring-data-commons/2.7.8/spring-data-commons-2.7.8.jar:/home/waxes27/.m2/repository/org/springframework/spring-orm/5.3.25/spring-orm-5.3.25.jar:/home/waxes27/.m2/repository/org/slf4j/slf4j-api/1.7.36/slf4j-api-1.7.36.jar:/home/waxes27/.m2/repository/org/springframework/spring-aspects/5.3.25/spring-aspects-5.3.25.jar:/home/waxes27/.m2/repository/org/springframework/boot/spring-boot-starter-security/2.7.9/spring-boot-starter-security-2.7.9.jar:/home/waxes27/.m2/repository/org/springframework/spring-aop/5.3.25/spring-aop-5.3.25.jar:/home/waxes27/.m2/repository/org/springframework/security/spring-security-config/5.7.7/spring-security-config-5.7.7.jar:/home/waxes27/.m2/repository/org/springframework/security/spring-security-web/5.7.7/spring-security-web-5.7.7.jar:/home/waxes27/.m2/repository/org/springframework/spring-expression/5.3.25/spring-expression-5.3.25.jar:/home/waxes27/.m2/repository/org/springframework/boot/spring-boot-starter-web/2.7.9/spring-boot-starter-web-2.7.9.jar:/home/waxes27/.m2/repository/org/springframework/boot/spring-boot-starter-json/2.7.9/spring-boot-starter-json-2.7.9.jar:/home/waxes27/.m2/repository/com/fasterxml/jackson/core/jackson-databind/2.13.5/jackson-databind-2.13.5.jar:/home/waxes27/.m2/repository/com/fasterxml/jackson/core/jackson-annotations/2.13.5/jackson-annotations-2.13.5.jar:/home/waxes27/.m2/repository/com/fasterxml/jackson/core/jackson-core/2.13.5/jackson-core-2.13.5.jar:/home/waxes27/.m2/repository/com/fasterxml/jackson/datatype/jackson-datatype-jdk8/2.13.5/jackson-datatype-jdk8-2.13.5.jar:/home/waxes27/.m2/repository/com/fasterxml/jackson/datatype/jackson-datatype-jsr310/2.13.5/jackson-datatype-jsr310-2.13.5.jar:/home/waxes27/.m2/repository/com/fasterxml/jackson/module/jackson-module-parameter-names/2.13.5/jackson-module-parameter-names-2.13.5.jar:/home/waxes27/.m2/repository/org/springframework/boot/spring-boot-starter-tomcat/2.7.9/spring-boot-starter-tomcat-2.7.9.jar:/home/waxes27/.m2/repository/org/apache/tomcat/embed/tomcat-embed-core/9.0.71/tomcat-embed-core-9.0.71.jar:/home/waxes27/.m2/repository/org/apache/tomcat/embed/tomcat-embed-el/9.0.71/tomcat-embed-el-9.0.71.jar:/home/waxes27/.m2/repository/org/apache/tomcat/embed/tomcat-embed-websocket/9.0.71/tomcat-embed-websocket-9.0.71.jar:/home/waxes27/.m2/repository/org/springframework/spring-web/5.3.25/spring-web-5.3.25.jar:/home/waxes27/.m2/repository/org/springframework/spring-webmvc/5.3.25/spring-webmvc-5.3.25.jar:/home/waxes27/.m2/repository/org/apache/camel/springboot/camel-spring-boot-starter/3.20.2/camel-spring-boot-starter-3.20.2.jar:/home/waxes27/.m2/repository/org/apache/camel/springboot/camel-spring-boot/3.20.2/camel-spring-boot-3.20.2.jar:/home/waxes27/.m2/repository/org/apache/camel/camel-spring/3.20.2/camel-spring-3.20.2.jar:/home/waxes27/.m2/repository/org/apache/camel/camel-management-api/3.20.2/camel-management-api-3.20.2.jar:/home/waxes27/.m2/repository/org/apache/camel/camel-spring-main/3.20.2/camel-spring-main-3.20.2.jar:/home/waxes27/.m2/repository/org/apache/camel/camel-main/3.20.2/camel-main-3.20.2.jar:/home/waxes27/.m2/repository/org/apache/camel/camel-base/3.20.2/camel-base-3.20.2.jar:/home/waxes27/.m2/repository/org/apache/camel/camel-core-languages/3.20.2/camel-core-languages-3.20.2.jar:/home/waxes27/.m2/repository/org/apache/camel/camel-util-json/3.20.2/camel-util-json-3.20.2.jar:/home/waxes27/.m2/repository/org/apache/camel/camel-xml-jaxb-dsl/3.20.2/camel-xml-jaxb-dsl-3.20.2.jar:/home/waxes27/.m2/repository/org/apache/camel/camel-xml-jaxb/3.20.2/camel-xml-jaxb-3.20.2.jar:/home/waxes27/.m2/repository/com/sun/xml/bind/jaxb-core/2.3.0/jaxb-core-2.3.0.jar:/home/waxes27/.m2/repository/com/sun/xml/bind/jaxb-impl/2.3.3/jaxb-impl-2.3.3.jar:/home/waxes27/.m2/repository/org/apache/camel/camel-dsl-support/3.20.2/camel-dsl-support-3.20.2.jar:/home/waxes27/.m2/repository/org/apache/camel/camel-spring-xml/3.20.2/camel-spring-xml-3.20.2.jar:/home/waxes27/.m2/repository/org/apache/camel/camel-core-xml/3.20.2/camel-core-xml-3.20.2.jar:/home/waxes27/.m2/repository/javax/annotation/javax.annotation-api/1.3.2/javax.annotation-api-1.3.2.jar:/home/waxes27/.m2/repository/org/apache/camel/camel-cloud/3.20.2/camel-cloud-3.20.2.jar:/home/waxes27/.m2/repository/org/apache/camel/camel-core-model/3.20.2/camel-core-model-3.20.2.jar:/home/waxes27/.m2/repository/org/apache/camel/camel-core-processor/3.20.2/camel-core-processor-3.20.2.jar:/home/waxes27/.m2/repository/org/apache/camel/camel-cluster/3.20.2/camel-cluster-3.20.2.jar:/home/waxes27/.m2/repository/org/apache/camel/camel-base-engine/3.20.2/camel-base-engine-3.20.2.jar:/home/waxes27/.m2/repository/org/apache/camel/camel-health/3.20.2/camel-health-3.20.2.jar:/home/waxes27/.m2/repository/org/apache/camel/springboot/camel-core-starter/3.20.2/camel-core-starter-3.20.2.jar:/home/waxes27/.m2/repository/org/apache/camel/camel-core-engine/3.20.2/camel-core-engine-3.20.2.jar:/home/waxes27/.m2/repository/org/apache/camel/camel-api/3.20.2/camel-api-3.20.2.jar:/home/waxes27/.m2/repository/org/apache/camel/camel-core-reifier/3.20.2/camel-core-reifier-3.20.2.jar:/home/waxes27/.m2/repository/org/apache/camel/camel-support/3.20.2/camel-support-3.20.2.jar:/home/waxes27/.m2/repository/org/apache/camel/camel-util/3.20.2/camel-util-3.20.2.jar:/home/waxes27/.m2/repository/org/apache/camel/springboot/camel-bean-starter/3.20.2/camel-bean-starter-3.20.2.jar:/home/waxes27/.m2/repository/org/apache/camel/camel-bean/3.20.2/camel-bean-3.20.2.jar:/home/waxes27/.m2/repository/org/apache/camel/springboot/camel-browse-starter/3.20.2/camel-browse-starter-3.20.2.jar:/home/waxes27/.m2/repository/org/apache/camel/camel-browse/3.20.2/camel-browse-3.20.2.jar:/home/waxes27/.m2/repository/org/apache/camel/springboot/camel-controlbus-starter/3.20.2/camel-controlbus-starter-3.20.2.jar:/home/waxes27/.m2/repository/org/apache/camel/camel-controlbus/3.20.2/camel-controlbus-3.20.2.jar:/home/waxes27/.m2/repository/org/apache/camel/springboot/camel-dataformat-starter/3.20.2/camel-dataformat-starter-3.20.2.jar:/home/waxes27/.m2/repository/org/apache/camel/camel-dataformat/3.20.2/camel-dataformat-3.20.2.jar:/home/waxes27/.m2/repository/org/apache/camel/springboot/camel-dataset-starter/3.20.2/camel-dataset-starter-3.20.2.jar:/home/waxes27/.m2/repository/org/apache/camel/camel-dataset/3.20.2/camel-dataset-3.20.2.jar:/home/waxes27/.m2/repository/org/apache/camel/springboot/camel-direct-starter/3.20.2/camel-direct-starter-3.20.2.jar:/home/waxes27/.m2/repository/org/apache/camel/camel-direct/3.20.2/camel-direct-3.20.2.jar:/home/waxes27/.m2/repository/org/apache/camel/springboot/camel-directvm-starter/3.20.2/camel-directvm-starter-3.20.2.jar:/home/waxes27/.m2/repository/org/apache/camel/camel-directvm/3.20.2/camel-directvm-3.20.2.jar:/home/waxes27/.m2/repository/org/apache/camel/springboot/camel-file-starter/3.20.2/camel-file-starter-3.20.2.jar:/home/waxes27/.m2/repository/org/apache/camel/camel-file/3.20.2/camel-file-3.20.2.jar:/home/waxes27/.m2/repository/org/apache/camel/springboot/camel-language-starter/3.20.2/camel-language-starter-3.20.2.jar:/home/waxes27/.m2/repository/org/apache/camel/camel-language/3.20.2/camel-language-3.20.2.jar:/home/waxes27/.m2/repository/org/apache/camel/springboot/camel-log-starter/3.20.2/camel-log-starter-3.20.2.jar:/home/waxes27/.m2/repository/org/apache/camel/camel-log/3.20.2/camel-log-3.20.2.jar:/home/waxes27/.m2/repository/org/apache/camel/springboot/camel-mock-starter/3.20.2/camel-mock-starter-3.20.2.jar:/home/waxes27/.m2/repository/org/apache/camel/camel-mock/3.20.2/camel-mock-3.20.2.jar:/home/waxes27/.m2/repository/org/apache/camel/springboot/camel-ref-starter/3.20.2/camel-ref-starter-3.20.2.jar:/home/waxes27/.m2/repository/org/apache/camel/camel-ref/3.20.2/camel-ref-3.20.2.jar:/home/waxes27/.m2/repository/org/apache/camel/springboot/camel-rest-starter/3.20.2/camel-rest-starter-3.20.2.jar:/home/waxes27/.m2/repository/org/apache/camel/camel-rest/3.20.2/camel-rest-3.20.2.jar:/home/waxes27/.m2/repository/org/apache/camel/camel-tooling-model/3.20.2/camel-tooling-model-3.20.2.jar:/home/waxes27/.m2/repository/org/apache/camel/springboot/camel-saga-starter/3.20.2/camel-saga-starter-3.20.2.jar:/home/waxes27/.m2/repository/org/apache/camel/camel-saga/3.20.2/camel-saga-3.20.2.jar:/home/waxes27/.m2/repository/org/apache/camel/springboot/camel-scheduler-starter/3.20.2/camel-scheduler-starter-3.20.2.jar:/home/waxes27/.m2/repository/org/apache/camel/camel-scheduler/3.20.2/camel-scheduler-3.20.2.jar:/home/waxes27/.m2/repository/org/apache/camel/springboot/camel-seda-starter/3.20.2/camel-seda-starter-3.20.2.jar:/home/waxes27/.m2/repository/org/apache/camel/camel-seda/3.20.2/camel-seda-3.20.2.jar:/home/waxes27/.m2/repository/org/apache/camel/springboot/camel-stub-starter/3.20.2/camel-stub-starter-3.20.2.jar:/home/waxes27/.m2/repository/org/apache/camel/camel-stub/3.20.2/camel-stub-3.20.2.jar:/home/waxes27/.m2/repository/org/apache/camel/springboot/camel-timer-starter/3.20.2/camel-timer-starter-3.20.2.jar:/home/waxes27/.m2/repository/org/apache/camel/camel-timer/3.20.2/camel-timer-3.20.2.jar:/home/waxes27/.m2/repository/org/apache/camel/springboot/camel-validator-starter/3.20.2/camel-validator-starter-3.20.2.jar:/home/waxes27/.m2/repository/org/apache/camel/camel-validator/3.20.2/camel-validator-3.20.2.jar:/home/waxes27/.m2/repository/org/apache/camel/springboot/camel-vm-starter/3.20.2/camel-vm-starter-3.20.2.jar:/home/waxes27/.m2/repository/org/apache/camel/camel-vm/3.20.2/camel-vm-3.20.2.jar:/home/waxes27/.m2/repository/org/apache/camel/springboot/camel-xpath-starter/3.20.2/camel-xpath-starter-3.20.2.jar:/home/waxes27/.m2/repository/org/apache/camel/camel-xpath/3.20.2/camel-xpath-3.20.2.jar:/home/waxes27/.m2/repository/org/apache/camel/springboot/camel-xslt-starter/3.20.2/camel-xslt-starter-3.20.2.jar:/home/waxes27/.m2/repository/org/apache/camel/camel-xslt/3.20.2/camel-xslt-3.20.2.jar:/home/waxes27/.m2/repository/org/apache/camel/springboot/camel-xml-jaxp-starter/3.20.2/camel-xml-jaxp-starter-3.20.2.jar:/home/waxes27/.m2/repository/org/apache/camel/camel-xml-jaxp/3.20.2/camel-xml-jaxp-3.20.2.jar:/home/waxes27/.m2/repository/org/apache/camel/camel-xml-io-util/3.20.2/camel-xml-io-util-3.20.2.jar:/home/waxes27/.m2/repository/org/springframework/session/spring-session-core/2.4.2/spring-session-core-2.4.2.jar:/home/waxes27/.m2/repository/org/springframework/spring-jcl/5.3.25/spring-jcl-5.3.25.jar:/home/waxes27/.m2/repository/org/springframework/session/spring-session-data-redis/2.4.2/spring-session-data-redis-2.4.2.jar:/home/waxes27/.m2/repository/org/springframework/data/spring-data-redis/2.7.8/spring-data-redis-2.7.8.jar:/home/waxes27/.m2/repository/org/springframework/data/spring-data-keyvalue/2.7.8/spring-data-keyvalue-2.7.8.jar:/home/waxes27/.m2/repository/org/springframework/spring-oxm/5.3.25/spring-oxm-5.3.25.jar:/home/waxes27/.m2/repository/org/springframework/spring-context-support/5.3.25/spring-context-support-5.3.25.jar:/home/waxes27/.m2/repository/io/lettuce/lettuce-core/5.3.1.RELEASE/lettuce-core-5.3.1.RELEASE.jar:/home/waxes27/.m2/repository/io/netty/netty-common/4.1.89.Final/netty-common-4.1.89.Final.jar:/home/waxes27/.m2/repository/io/netty/netty-handler/4.1.89.Final/netty-handler-4.1.89.Final.jar:/home/waxes27/.m2/repository/io/netty/netty-resolver/4.1.89.Final/netty-resolver-4.1.89.Final.jar:/home/waxes27/.m2/repository/io/netty/netty-buffer/4.1.89.Final/netty-buffer-4.1.89.Final.jar:/home/waxes27/.m2/repository/io/netty/netty-transport-native-unix-common/4.1.89.Final/netty-transport-native-unix-common-4.1.89.Final.jar:/home/waxes27/.m2/repository/io/netty/netty-codec/4.1.89.Final/netty-codec-4.1.89.Final.jar:/home/waxes27/.m2/repository/io/netty/netty-transport/4.1.89.Final/netty-transport-4.1.89.Final.jar:/home/waxes27/.m2/repository/io/projectreactor/reactor-core/3.4.27/reactor-core-3.4.27.jar:/home/waxes27/.m2/repository/org/reactivestreams/reactive-streams/1.0.4/reactive-streams-1.0.4.jar:/home/waxes27/.m2/repository/org/postgresql/postgresql/42.3.8/postgresql-42.3.8.jar:/home/waxes27/.m2/repository/org/checkerframework/checker-qual/3.5.0/checker-qual-3.5.0.jar:/home/waxes27/.m2/repository/org/projectlombok/lombok/1.18.26/lombok-1.18.26.jar:/home/waxes27/.m2/repository/org/springframework/boot/spring-boot-starter-test/2.7.9/spring-boot-starter-test-2.7.9.jar:/home/waxes27/.m2/repository/org/springframework/boot/spring-boot-test/2.7.9/spring-boot-test-2.7.9.jar:/home/waxes27/.m2/repository/org/springframework/boot/spring-boot-test-autoconfigure/2.7.9/spring-boot-test-autoconfigure-2.7.9.jar:/home/waxes27/.m2/repository/com/jayway/jsonpath/json-path/2.7.0/json-path-2.7.0.jar:/home/waxes27/.m2/repository/net/minidev/json-smart/2.4.8/json-smart-2.4.8.jar:/home/waxes27/.m2/repository/net/minidev/accessors-smart/2.4.8/accessors-smart-2.4.8.jar:/home/waxes27/.m2/repository/org/ow2/asm/asm/9.1/asm-9.1.jar:/home/waxes27/.m2/repository/jakarta/xml/bind/jakarta.xml.bind-api/2.3.3/jakarta.xml.bind-api-2.3.3.jar:/home/waxes27/.m2/repository/jakarta/activation/jakarta.activation-api/1.2.2/jakarta.activation-api-1.2.2.jar:/home/waxes27/.m2/repository/org/assertj/assertj-core/3.22.0/assertj-core-3.22.0.jar:/home/waxes27/.m2/repository/org/hamcrest/hamcrest/2.2/hamcrest-2.2.jar:/home/waxes27/.m2/repository/org/junit/jupiter/junit-jupiter/5.8.2/junit-jupiter-5.8.2.jar:/home/waxes27/.m2/repository/org/junit/jupiter/junit-jupiter-api/5.8.2/junit-jupiter-api-5.8.2.jar:/home/waxes27/.m2/repository/org/opentest4j/opentest4j/1.2.0/opentest4j-1.2.0.jar:/home/waxes27/.m2/repository/org/junit/platform/junit-platform-commons/1.8.2/junit-platform-commons-1.8.2.jar:/home/waxes27/.m2/repository/org/apiguardian/apiguardian-api/1.1.2/apiguardian-api-1.1.2.jar:/home/waxes27/.m2/repository/org/junit/jupiter/junit-jupiter-params/5.8.2/junit-jupiter-params-5.8.2.jar:/home/waxes27/.m2/repository/org/junit/jupiter/junit-jupiter-engine/5.8.2/junit-jupiter-engine-5.8.2.jar:/home/waxes27/.m2/repository/org/junit/platform/junit-platform-engine/1.8.2/junit-platform-engine-1.8.2.jar:/home/waxes27/.m2/repository/org/mockito/mockito-core/4.5.1/mockito-core-4.5.1.jar:/home/waxes27/.m2/repository/net/bytebuddy/byte-buddy-agent/1.12.23/byte-buddy-agent-1.12.23.jar:/home/waxes27/.m2/repository/org/objenesis/objenesis/3.2/objenesis-3.2.jar:/home/waxes27/.m2/repository/org/mockito/mockito-junit-jupiter/4.5.1/mockito-junit-jupiter-4.5.1.jar:/home/waxes27/.m2/repository/org/skyscreamer/jsonassert/1.5.1/jsonassert-1.5.1.jar:/home/waxes27/.m2/repository/com/vaadin/external/google/android-json/0.0.20131108.vaadin1/android-json-0.0.20131108.vaadin1.jar:/home/waxes27/.m2/repository/org/springframework/spring-core/5.3.25/spring-core-5.3.25.jar:/home/waxes27/.m2/repository/org/springframework/spring-test/5.3.25/spring-test-5.3.25.jar:/home/waxes27/.m2/repository/org/xmlunit/xmlunit-core/2.9.1/xmlunit-core-2.9.1.jar:/home/waxes27/.m2/repository/org/springframework/amqp/spring-rabbit-test/2.4.10/spring-rabbit-test-2.4.10.jar:/home/waxes27/.m2/repository/org/springframework/amqp/spring-rabbit-junit/2.4.10/spring-rabbit-junit-2.4.10.jar:/home/waxes27/.m2/repository/org/apache/httpcomponents/httpclient/4.5.14/httpclient-4.5.14.jar:/home/waxes27/.m2/repository/org/apache/httpcomponents/httpcore/4.4.16/httpcore-4.4.16.jar:/home/waxes27/.m2/repository/commons-codec/commons-codec/1.15/commons-codec-1.15.jar:/home/waxes27/.m2/repository/org/hamcrest/hamcrest-library/2.2/hamcrest-library-2.2.jar:/home/waxes27/.m2/repository/org/hamcrest/hamcrest-core/2.2/hamcrest-core-2.2.jar:/home/waxes27/.m2/repository/org/springframework/security/spring-security-test/5.7.7/spring-security-test-5.7.7.jar:/home/waxes27/.m2/repository/org/springframework/security/spring-security-core/5.7.7/spring-security-core-5.7.7.jar:/home/waxes27/.m2/repository/org/springframework/security/spring-security-crypto/5.7.7/spring-security-crypto-5.7.7.jar:"/>
    <property name="sun.cpu.endian" value="little"/>
    <property name="user.home" value="/home/waxes27"/>
    <property name="user.language" value="en"/>
    <property name="java.specification.vendor" value="Oracle Corporation"/>
    <property name="java.version.date" value="2023-01-17"/>
    <property name="java.home" value="/home/waxes27/.sdkman/candidates/java/17.0.6-zulu"/>
    <property name="file.separator" value="/"/>
    <property name="basedir" value="/home/waxes27/WORK/ServTech-IT-Solutions/backend"/>
    <property name="java.vm.compressedOopsMode" value="Zero based"/>
    <property name="line.separator" value="&#10;"/>
    <property name="java.specification.name" value="Java Platform API Specification"/>
    <property name="java.vm.specification.vendor" value="Oracle Corporation"/>
    <property name="surefire.real.class.path" value="/home/waxes27/WORK/ServTech-IT-Solutions/backend/target/surefire/surefirebooter18404474020307403489.jar"/>
    <property name="awt.useSystemAAFontSettings" value="on"/>
    <property name="sun.management.compiler" value="HotSpot 64-Bit Tiered Compilers"/>
    <property name="java.runtime.version" value="17.0.6+10-LTS"/>
    <property name="user.name" value="waxes27"/>
    <property name="path.separator" value=":"/>
    <property name="os.version" value="5.18.0-kali5-amd64"/>
    <property name="java.runtime.name" value="OpenJDK Runtime Environment"/>
    <property name="file.encoding" value="UTF-8"/>
    <property name="java.vm.name" value="OpenJDK 64-Bit Server VM"/>
    <property name="java.vendor.version" value="Zulu17.40+19-CA"/>
    <property name="localRepository" value="/home/waxes27/.m2/repository"/>
    <property name="java.vendor.url.bug" value="http://www.azul.com/support/"/>
    <property name="java.io.tmpdir" value="/tmp"/>
    <property name="java.version" value="17.0.6"/>
    <property name="user.dir" value="/home/waxes27/WORK/ServTech-IT-Solutions/backend"/>
    <property name="os.arch" value="amd64"/>
    <property name="java.vm.specification.name" value="Java Virtual Machine Specification"/>
    <property name="native.encoding" value="UTF-8"/>
    <property name="java.library.path" value="/usr/java/packages/lib:/usr/lib64:/lib64:/lib:/usr/lib"/>
    <property name="java.vm.info" value="mixed mode, sharing"/>
    <property name="java.vendor" value="Azul Systems, Inc."/>
    <property name="java.vm.version" value="17.0.6+10-LTS"/>
    <property name="sun.io.unicode.encoding" value="UnicodeLittle"/>
    <property name="java.class.version" value="61.0"/>
  </properties>
  <testcase name="contextLoads" classname="com.serveTechIT.ServeTechIt.ServeTechApplicationTests" time="0.002">
    <error message="Failed to load ApplicationContext" type="java.lang.IllegalStateException">java.lang.IllegalStateException: Failed to load ApplicationContext
Caused by: org.springframework.beans.factory.UnsatisfiedDependencyException: Error creating bean with name 'org.springframework.session.data.redis.config.annotation.web.http.RedisHttpSessionConfiguration$SessionCleanupConfiguration': Unsatisfied dependency expressed through constructor parameter 0; nested exception is org.springframework.beans.factory.BeanCreationException: Error creating bean with name 'org.springframework.session.data.redis.config.annotation.web.http.RedisHttpSessionConfiguration': Initialization of bean failed; nested exception is org.springframework.beans.factory.BeanCreationException: Error creating bean with name 'connectionFactory' defined in class path resource [com/serveTechIT/ServeTechIt/session/config/SessionConfig.class]: Bean instantiation via factory method failed; nested exception is org.springframework.beans.BeanInstantiationException: Failed to instantiate [org.springframework.data.redis.connection.lettuce.LettuceConnectionFactory]: Factory method 'connectionFactory' threw exception; nested exception is java.lang.NoClassDefFoundError: io/lettuce/core/KeyScanArgs
Caused by: org.springframework.beans.factory.BeanCreationException: Error creating bean with name 'org.springframework.session.data.redis.config.annotation.web.http.RedisHttpSessionConfiguration': Initialization of bean failed; nested exception is org.springframework.beans.factory.BeanCreationException: Error creating bean with name 'connectionFactory' defined in class path resource [com/serveTechIT/ServeTechIt/session/config/SessionConfig.class]: Bean instantiation via factory method failed; nested exception is org.springframework.beans.BeanInstantiationException: Failed to instantiate [org.springframework.data.redis.connection.lettuce.LettuceConnectionFactory]: Factory method 'connectionFactory' threw exception; nested exception is java.lang.NoClassDefFoundError: io/lettuce/core/KeyScanArgs
Caused by: org.springframework.beans.factory.BeanCreationException: Error creating bean with name 'connectionFactory' defined in class path resource [com/serveTechIT/ServeTechIt/session/config/SessionConfig.class]: Bean instantiation via factory method failed; nested exception is org.springframework.beans.BeanInstantiationException: Failed to instantiate [org.springframework.data.redis.connection.lettuce.LettuceConnectionFactory]: Factory method 'connectionFactory' threw exception; nested exception is java.lang.NoClassDefFoundError: io/lettuce/core/KeyScanArgs
Caused by: org.springframework.beans.BeanInstantiationException: Failed to instantiate [org.springframework.data.redis.connection.lettuce.LettuceConnectionFactory]: Factory method 'connectionFactory' threw exception; nested exception is java.lang.NoClassDefFoundError: io/lettuce/core/KeyScanArgs
Caused by: java.lang.NoClassDefFoundError: io/lettuce/core/KeyScanArgs
Caused by: java.lang.ClassNotFoundException: io.lettuce.core.KeyScanArgs
</error>
    <system-out><![CDATA[20:37:43.497 [main] DEBUG org.springframework.test.context.BootstrapUtils - Instantiating CacheAwareContextLoaderDelegate from class [org.springframework.test.context.cache.DefaultCacheAwareContextLoaderDelegate]
20:37:43.510 [main] DEBUG org.springframework.test.context.BootstrapUtils - Instantiating BootstrapContext using constructor [public org.springframework.test.context.support.DefaultBootstrapContext(java.lang.Class,org.springframework.test.context.CacheAwareContextLoaderDelegate)]
20:37:43.577 [main] DEBUG org.springframework.test.context.BootstrapUtils - Instantiating TestContextBootstrapper for test class [com.serveTechIT.ServeTechIt.ServeTechApplicationTests] from class [org.springframework.boot.test.context.SpringBootTestContextBootstrapper]
20:37:43.595 [main] INFO org.springframework.boot.test.context.SpringBootTestContextBootstrapper - Neither @ContextConfiguration nor @ContextHierarchy found for test class [com.serveTechIT.ServeTechIt.ServeTechApplicationTests], using SpringBootContextLoader
20:37:43.603 [main] DEBUG org.springframework.test.context.support.AbstractContextLoader - Did not detect default resource location for test class [com.serveTechIT.ServeTechIt.ServeTechApplicationTests]: class path resource [com/serveTechIT/ServeTechIt/ServeTechApplicationTests-context.xml] does not exist
20:37:43.604 [main] DEBUG org.springframework.test.context.support.AbstractContextLoader - Did not detect default resource location for test class [com.serveTechIT.ServeTechIt.ServeTechApplicationTests]: class path resource [com/serveTechIT/ServeTechIt/ServeTechApplicationTestsContext.groovy] does not exist
20:37:43.604 [main] INFO org.springframework.test.context.support.AbstractContextLoader - Could not detect default resource locations for test class [com.serveTechIT.ServeTechIt.ServeTechApplicationTests]: no resource found for suffixes {-context.xml, Context.groovy}.
20:37:43.606 [main] INFO org.springframework.test.context.support.AnnotationConfigContextLoaderUtils - Could not detect default configuration classes for test class [com.serveTechIT.ServeTechIt.ServeTechApplicationTests]: ServeTechApplicationTests does not declare any static, non-private, non-final, nested classes annotated with @Configuration.
20:37:43.681 [main] DEBUG org.springframework.test.context.support.ActiveProfilesUtils - Could not find an 'annotation declaring class' for annotation type [org.springframework.test.context.ActiveProfiles] and class [com.serveTechIT.ServeTechIt.ServeTechApplicationTests]
20:37:43.769 [main] DEBUG org.springframework.context.annotation.ClassPathScanningCandidateComponentProvider - Identified candidate component class: file [/home/waxes27/WORK/ServTech-IT-Solutions/backend/target/classes/com/serveTechIT/ServeTechIt/ServeTechApplication.class]
20:37:43.771 [main] INFO org.springframework.boot.test.context.SpringBootTestContextBootstrapper - Found @SpringBootConfiguration com.serveTechIT.ServeTechIt.ServeTechApplication for test class com.serveTechIT.ServeTechIt.ServeTechApplicationTests
20:37:43.892 [main] DEBUG org.springframework.boot.test.context.SpringBootTestContextBootstrapper - @TestExecutionListeners is not present for class [com.serveTechIT.ServeTechIt.ServeTechApplicationTests]: using defaults.
20:37:43.892 [main] INFO org.springframework.boot.test.context.SpringBootTestContextBootstrapper - Loaded default TestExecutionListener class names from location [META-INF/spring.factories]: [org.springframework.boot.test.mock.mockito.MockitoTestExecutionListener, org.springframework.boot.test.mock.mockito.ResetMocksTestExecutionListener, org.springframework.boot.test.autoconfigure.restdocs.RestDocsTestExecutionListener, org.springframework.boot.test.autoconfigure.web.client.MockRestServiceServerResetTestExecutionListener, org.springframework.boot.test.autoconfigure.web.servlet.MockMvcPrintOnlyOnFailureTestExecutionListener, org.springframework.boot.test.autoconfigure.web.servlet.WebDriverTestExecutionListener, org.springframework.boot.test.autoconfigure.webservices.client.MockWebServiceServerTestExecutionListener, org.springframework.test.context.web.ServletTestExecutionListener, org.springframework.test.context.support.DirtiesContextBeforeModesTestExecutionListener, org.springframework.test.context.event.ApplicationEventsTestExecutionListener, org.springframework.test.context.support.DependencyInjectionTestExecutionListener, org.springframework.test.context.support.DirtiesContextTestExecutionListener, org.springframework.test.context.transaction.TransactionalTestExecutionListener, org.springframework.test.context.jdbc.SqlScriptsTestExecutionListener, org.springframework.test.context.event.EventPublishingTestExecutionListener, org.springframework.security.test.context.support.WithSecurityContextTestExecutionListener, org.springframework.security.test.context.support.ReactorContextTestExecutionListener]
20:37:43.923 [main] INFO org.springframework.boot.test.context.SpringBootTestContextBootstrapper - Using TestExecutionListeners: [org.springframework.test.context.web.ServletTestExecutionListener@484094a5, org.springframework.test.context.support.DirtiesContextBeforeModesTestExecutionListener@38234a38, org.springframework.test.context.event.ApplicationEventsTestExecutionListener@63fbfaeb, org.springframework.boot.test.mock.mockito.MockitoTestExecutionListener@602e0143, org.springframework.boot.test.autoconfigure.SpringBootDependencyInjectionTestExecutionListener@2c07545f, org.springframework.test.context.support.DirtiesContextTestExecutionListener@e57b96d, org.springframework.test.context.transaction.TransactionalTestExecutionListener@32c726ee, org.springframework.test.context.jdbc.SqlScriptsTestExecutionListener@22f31dec, org.springframework.test.context.event.EventPublishingTestExecutionListener@34c01041, org.springframework.security.test.context.support.WithSecurityContextTestExecutionListener@76f4b65, org.springframework.security.test.context.support.ReactorContextTestExecutionListener@c94fd30, org.springframework.boot.test.mock.mockito.ResetMocksTestExecutionListener@36328d33, org.springframework.boot.test.autoconfigure.restdocs.RestDocsTestExecutionListener@2c4d1ac, org.springframework.boot.test.autoconfigure.web.client.MockRestServiceServerResetTestExecutionListener@7f0d96f2, org.springframework.boot.test.autoconfigure.web.servlet.MockMvcPrintOnlyOnFailureTestExecutionListener@545b995e, org.springframework.boot.test.autoconfigure.web.servlet.WebDriverTestExecutionListener@76a2ddf3, org.springframework.boot.test.autoconfigure.webservices.client.MockWebServiceServerTestExecutionListener@524f3b3a]
20:37:43.930 [main] DEBUG org.springframework.test.context.support.AbstractDirtiesContextTestExecutionListener - Before test class: context [DefaultTestContext@31c7528f testClass = ServeTechApplicationTests, testInstance = [null], testMethod = [null], testException = [null], mergedContextConfiguration = [WebMergedContextConfiguration@2b76ff4e testClass = ServeTechApplicationTests, locations = '{}', classes = '{class com.serveTechIT.ServeTechIt.ServeTechApplication}', contextInitializerClasses = '[]', activeProfiles = '{}', propertySourceLocations = '{}', propertySourceProperties = '{org.springframework.boot.test.context.SpringBootTestContextBootstrapper=true}', contextCustomizers = set[org.springframework.boot.test.context.filter.ExcludeFilterContextCustomizer@f0da945, org.springframework.boot.test.json.DuplicateJsonObjectContextCustomizerFactory$DuplicateJsonObjectContextCustomizer@6404f418, org.springframework.boot.test.mock.mockito.MockitoContextCustomizer@0, org.springframework.boot.test.web.client.TestRestTemplateContextCustomizer@201a4587, org.springframework.boot.test.autoconfigure.actuate.metrics.MetricsExportContextCustomizerFactory$DisableMetricExportContextCustomizer@4659191b, org.springframework.boot.test.autoconfigure.properties.PropertyMappingContextCustomizer@0, org.springframework.boot.test.autoconfigure.web.servlet.WebDriverContextCustomizerFactory$Customizer@130c12b7, org.springframework.boot.test.context.SpringBootTestArgs@1, org.springframework.boot.test.context.SpringBootTestWebEnvironment@26a7b76d], resourceBasePath = 'src/main/webapp', contextLoader = 'org.springframework.boot.test.context.SpringBootContextLoader', parent = [null]], attributes = map['org.springframework.test.context.web.ServletTestExecutionListener.activateListener' -> true]], class annotated with @DirtiesContext [false] with mode [null].

  .   ____          _            __ _ _
 /\\ / ___'_ __ _ _(_)_ __  __ _ \ \ \ \
( ( )\___ | '_ | '_| | '_ \/ _` | \ \ \ \
 \\/  ___)| |_)| | | | | || (_| |  ) ) ) )
  '  |____| .__|_| |_|_| |_\__, | / / / /
 =========|_|==============|___/=/_/_/_/
 :: Spring Boot ::                (v2.7.9)

2023-03-07 20:37:44.461  INFO 14074 --- [           main] c.s.S.ServeTechApplicationTests          : Starting ServeTechApplicationTests using Java 17.0.6 on waxes27 with PID 14074 (started by waxes27 in /home/waxes27/WORK/ServTech-IT-Solutions/backend)
2023-03-07 20:37:44.465  INFO 14074 --- [           main] c.s.S.ServeTechApplicationTests          : No active profile set, falling back to 1 default profile: "default"
2023-03-07 20:37:45.978  INFO 14074 --- [           main] .s.d.r.c.RepositoryConfigurationDelegate : Multiple Spring Data modules found, entering strict repository configuration mode
2023-03-07 20:37:45.980  INFO 14074 --- [           main] .s.d.r.c.RepositoryConfigurationDelegate : Bootstrapping Spring Data JPA repositories in DEFAULT mode.
2023-03-07 20:37:46.211  INFO 14074 --- [           main] .s.d.r.c.RepositoryConfigurationDelegate : Finished Spring Data repository scanning in 219 ms. Found 2 JPA repository interfaces.
2023-03-07 20:37:46.250  INFO 14074 --- [           main] .s.d.r.c.RepositoryConfigurationDelegate : Multiple Spring Data modules found, entering strict repository configuration mode
2023-03-07 20:37:46.252  INFO 14074 --- [           main] .s.d.r.c.RepositoryConfigurationDelegate : Bootstrapping Spring Data Redis repositories in DEFAULT mode.
2023-03-07 20:37:46.273  INFO 14074 --- [           main] .RepositoryConfigurationExtensionSupport : Spring Data Redis - Could not safely identify store assignment for repository candidate interface com.serveTechIT.ServeTechIt.storeProduct.ProductRepository; If you want this repository to be a Redis repository, consider annotating your entities with one of these annotations: org.springframework.data.redis.core.RedisHash (preferred), or consider extending one of the following types with your repository: org.springframework.data.keyvalue.repository.KeyValueRepository
2023-03-07 20:37:46.275  INFO 14074 --- [           main] .RepositoryConfigurationExtensionSupport : Spring Data Redis - Could not safely identify store assignment for repository candidate interface com.serveTechIT.ServeTechIt.user.UserRepository; If you want this repository to be a Redis repository, consider annotating your entities with one of these annotations: org.springframework.data.redis.core.RedisHash (preferred), or consider extending one of the following types with your repository: org.springframework.data.keyvalue.repository.KeyValueRepository
2023-03-07 20:37:46.275  INFO 14074 --- [           main] .s.d.r.c.RepositoryConfigurationDelegate : Finished Spring Data repository scanning in 9 ms. Found 0 Redis repository interfaces.
2023-03-07 20:37:47.341  INFO 14074 --- [           main] o.hibernate.jpa.internal.util.LogHelper  : HHH000204: Processing PersistenceUnitInfo [name: default]
2023-03-07 20:37:47.419  INFO 14074 --- [           main] org.hibernate.Version                    : HHH000412: Hibernate ORM core version 5.6.15.Final
2023-03-07 20:37:47.663  INFO 14074 --- [           main] o.hibernate.annotations.common.Version   : HCANN000001: Hibernate Commons Annotations {5.1.2.Final}
2023-03-07 20:37:47.812  INFO 14074 --- [           main] com.zaxxer.hikari.HikariDataSource       : HikariPool-1 - Starting...
2023-03-07 20:37:47.948  INFO 14074 --- [           main] com.zaxxer.hikari.HikariDataSource       : HikariPool-1 - Start completed.
2023-03-07 20:37:47.966  INFO 14074 --- [           main] org.hibernate.dialect.Dialect            : HHH000400: Using dialect: org.hibernate.dialect.PostgreSQL10Dialect
Hibernate: drop table if exists app_user cascade
2023-03-07 20:37:48.649  WARN 14074 --- [           main] o.h.engine.jdbc.spi.SqlExceptionHelper   : SQL Warning Code: 0, SQLState: 00000
2023-03-07 20:37:48.649  WARN 14074 --- [           main] o.h.engine.jdbc.spi.SqlExceptionHelper   : table "app_user" does not exist, skipping
Hibernate: drop table if exists product cascade
2023-03-07 20:37:48.650  WARN 14074 --- [           main] o.h.engine.jdbc.spi.SqlExceptionHelper   : SQL Warning Code: 0, SQLState: 00000
2023-03-07 20:37:48.651  WARN 14074 --- [           main] o.h.engine.jdbc.spi.SqlExceptionHelper   : table "product" does not exist, skipping
Hibernate: drop sequence if exists hibernate_sequence
2023-03-07 20:37:48.654  WARN 14074 --- [           main] o.h.engine.jdbc.spi.SqlExceptionHelper   : SQL Warning Code: 0, SQLState: 00000
2023-03-07 20:37:48.654  WARN 14074 --- [           main] o.h.engine.jdbc.spi.SqlExceptionHelper   : sequence "hibernate_sequence" does not exist, skipping
Hibernate: create sequence hibernate_sequence start 1 increment 1
Hibernate: create table app_user (id int8 not null, app_user_role varchar(255), email varchar(255), enabled boolean not null, locked boolean not null, name varchar(255), password varchar(255), user_name varchar(255), primary key (id))
Hibernate: create table product (id int8 not null, category int4, name varchar(255), price varchar(255), primary key (id))
2023-03-07 20:37:48.698  INFO 14074 --- [           main] o.h.e.t.j.p.i.JtaPlatformInitiator       : HHH000490: Using JtaPlatform implementation: [org.hibernate.engine.transaction.jta.platform.internal.NoJtaPlatform]
2023-03-07 20:37:48.713  INFO 14074 --- [           main] j.LocalContainerEntityManagerFactoryBean : Initialized JPA EntityManagerFactory for persistence unit 'default'
2023-03-07 20:37:49.291  WARN 14074 --- [           main] JpaBaseConfiguration$JpaWebConfiguration : spring.jpa.open-in-view is enabled by default. Therefore, database queries may be performed during view rendering. Explicitly configure spring.jpa.open-in-view to disable this warning
Product Controller initialized
2023-03-07 20:37:49.711  INFO 14074 --- [           main] o.s.s.web.DefaultSecurityFilterChain     : Will secure any request with [org.springframework.security.web.session.DisableEncodeUrlFilter@5fa9971f, org.springframework.security.web.context.request.async.WebAsyncManagerIntegrationFilter@70a24463, org.springframework.security.web.context.SecurityContextPersistenceFilter@254d8ef6, org.springframework.security.web.header.HeaderWriterFilter@25fcdcc6, org.springframework.security.web.authentication.logout.LogoutFilter@4803bf73, org.springframework.security.web.authentication.UsernamePasswordAuthenticationFilter@6a7ab205, org.springframework.security.web.savedrequest.RequestCacheAwareFilter@4e1104f4, org.springframework.security.web.servletapi.SecurityContextHolderAwareRequestFilter@7ea8224b, org.springframework.security.web.authentication.AnonymousAuthenticationFilter@684430c1, org.springframework.security.web.session.SessionManagementFilter@7fa8fff, org.springframework.security.web.access.ExceptionTranslationFilter@3407ded1, org.springframework.security.web.access.intercept.FilterSecurityInterceptor@23e573e]
2023-03-07 20:37:49.825  WARN 14074 --- [           main] o.s.w.c.s.GenericWebApplicationContext   : Exception encountered during context initialization - cancelling refresh attempt: org.springframework.beans.factory.UnsatisfiedDependencyException: Error creating bean with name 'org.springframework.session.data.redis.config.annotation.web.http.RedisHttpSessionConfiguration$SessionCleanupConfiguration': Unsatisfied dependency expressed through constructor parameter 0; nested exception is org.springframework.beans.factory.BeanCreationException: Error creating bean with name 'org.springframework.session.data.redis.config.annotation.web.http.RedisHttpSessionConfiguration': Initialization of bean failed; nested exception is org.springframework.beans.factory.BeanCreationException: Error creating bean with name 'connectionFactory' defined in class path resource [com/serveTechIT/ServeTechIt/session/config/SessionConfig.class]: Bean instantiation via factory method failed; nested exception is org.springframework.beans.BeanInstantiationException: Failed to instantiate [org.springframework.data.redis.connection.lettuce.LettuceConnectionFactory]: Factory method 'connectionFactory' threw exception; nested exception is java.lang.NoClassDefFoundError: io/lettuce/core/KeyScanArgs
2023-03-07 20:37:49.827  INFO 14074 --- [           main] j.LocalContainerEntityManagerFactoryBean : Closing JPA EntityManagerFactory for persistence unit 'default'
2023-03-07 20:37:49.828  INFO 14074 --- [           main] .SchemaDropperImpl$DelayedDropActionImpl : HHH000477: Starting delayed evictData of schema as part of SessionFactory shut-down'
Hibernate: drop table if exists app_user cascade
Hibernate: drop table if exists product cascade
Hibernate: drop sequence if exists hibernate_sequence
2023-03-07 20:37:49.844  INFO 14074 --- [           main] com.zaxxer.hikari.HikariDataSource       : HikariPool-1 - Shutdown initiated...
2023-03-07 20:37:49.871  INFO 14074 --- [           main] com.zaxxer.hikari.HikariDataSource       : HikariPool-1 - Shutdown completed.
2023-03-07 20:37:49.894  INFO 14074 --- [           main] ConditionEvaluationReportLoggingListener : 

Error starting ApplicationContext. To display the conditions report re-run your application with 'debug' enabled.
2023-03-07 20:37:49.935 ERROR 14074 --- [           main] o.s.boot.SpringApplication               : Application run failed

org.springframework.beans.factory.UnsatisfiedDependencyException: Error creating bean with name 'org.springframework.session.data.redis.config.annotation.web.http.RedisHttpSessionConfiguration$SessionCleanupConfiguration': Unsatisfied dependency expressed through constructor parameter 0; nested exception is org.springframework.beans.factory.BeanCreationException: Error creating bean with name 'org.springframework.session.data.redis.config.annotation.web.http.RedisHttpSessionConfiguration': Initialization of bean failed; nested exception is org.springframework.beans.factory.BeanCreationException: Error creating bean with name 'connectionFactory' defined in class path resource [com/serveTechIT/ServeTechIt/session/config/SessionConfig.class]: Bean instantiation via factory method failed; nested exception is org.springframework.beans.BeanInstantiationException: Failed to instantiate [org.springframework.data.redis.connection.lettuce.LettuceConnectionFactory]: Factory method 'connectionFactory' threw exception; nested exception is java.lang.NoClassDefFoundError: io/lettuce/core/KeyScanArgs
	at org.springframework.beans.factory.support.ConstructorResolver.createArgumentArray(ConstructorResolver.java:800) ~[spring-beans-5.3.25.jar:5.3.25]
	at org.springframework.beans.factory.support.ConstructorResolver.autowireConstructor(ConstructorResolver.java:229) ~[spring-beans-5.3.25.jar:5.3.25]
	at org.springframework.beans.factory.support.AbstractAutowireCapableBeanFactory.autowireConstructor(AbstractAutowireCapableBeanFactory.java:1372) ~[spring-beans-5.3.25.jar:5.3.25]
	at org.springframework.beans.factory.support.AbstractAutowireCapableBeanFactory.createBeanInstance(AbstractAutowireCapableBeanFactory.java:1222) ~[spring-beans-5.3.25.jar:5.3.25]
	at org.springframework.beans.factory.support.AbstractAutowireCapableBeanFactory.doCreateBean(AbstractAutowireCapableBeanFactory.java:582) ~[spring-beans-5.3.25.jar:5.3.25]
	at org.springframework.beans.factory.support.AbstractAutowireCapableBeanFactory.createBean(AbstractAutowireCapableBeanFactory.java:542) ~[spring-beans-5.3.25.jar:5.3.25]
	at org.springframework.beans.factory.support.AbstractBeanFactory.lambda$doGetBean$0(AbstractBeanFactory.java:335) ~[spring-beans-5.3.25.jar:5.3.25]
	at org.springframework.beans.factory.support.DefaultSingletonBeanRegistry.getSingleton(DefaultSingletonBeanRegistry.java:234) ~[spring-beans-5.3.25.jar:5.3.25]
	at org.springframework.beans.factory.support.AbstractBeanFactory.doGetBean(AbstractBeanFactory.java:333) ~[spring-beans-5.3.25.jar:5.3.25]
	at org.springframework.beans.factory.support.AbstractBeanFactory.getBean(AbstractBeanFactory.java:208) ~[spring-beans-5.3.25.jar:5.3.25]
	at org.springframework.beans.factory.support.DefaultListableBeanFactory.preInstantiateSingletons(DefaultListableBeanFactory.java:955) ~[spring-beans-5.3.25.jar:5.3.25]
	at org.springframework.context.support.AbstractApplicationContext.finishBeanFactoryInitialization(AbstractApplicationContext.java:918) ~[spring-context-5.3.25.jar:5.3.25]
	at org.springframework.context.support.AbstractApplicationContext.refresh(AbstractApplicationContext.java:583) ~[spring-context-5.3.25.jar:5.3.25]
	at org.springframework.boot.SpringApplication.refresh(SpringApplication.java:731) ~[spring-boot-2.7.9.jar:2.7.9]
	at org.springframework.boot.SpringApplication.refreshContext(SpringApplication.java:408) ~[spring-boot-2.7.9.jar:2.7.9]
	at org.springframework.boot.SpringApplication.run(SpringApplication.java:307) ~[spring-boot-2.7.9.jar:2.7.9]
	at org.springframework.boot.test.context.SpringBootContextLoader.loadContext(SpringBootContextLoader.java:136) ~[spring-boot-test-2.7.9.jar:2.7.9]
	at org.springframework.test.context.cache.DefaultCacheAwareContextLoaderDelegate.loadContextInternal(DefaultCacheAwareContextLoaderDelegate.java:141) ~[spring-test-5.3.25.jar:5.3.25]
	at org.springframework.test.context.cache.DefaultCacheAwareContextLoaderDelegate.loadContext(DefaultCacheAwareContextLoaderDelegate.java:90) ~[spring-test-5.3.25.jar:5.3.25]
	at org.springframework.test.context.support.DefaultTestContext.getApplicationContext(DefaultTestContext.java:124) ~[spring-test-5.3.25.jar:5.3.25]
	at org.springframework.test.context.web.ServletTestExecutionListener.setUpRequestContextIfNecessary(ServletTestExecutionListener.java:190) ~[spring-test-5.3.25.jar:5.3.25]
	at org.springframework.test.context.web.ServletTestExecutionListener.prepareTestInstance(ServletTestExecutionListener.java:132) ~[spring-test-5.3.25.jar:5.3.25]
	at org.springframework.test.context.TestContextManager.prepareTestInstance(TestContextManager.java:248) ~[spring-test-5.3.25.jar:5.3.25]
	at org.springframework.test.context.junit.jupiter.SpringExtension.postProcessTestInstance(SpringExtension.java:138) ~[spring-test-5.3.25.jar:5.3.25]
	at org.junit.jupiter.engine.descriptor.ClassBasedTestDescriptor.lambda$invokeTestInstancePostProcessors$8(ClassBasedTestDescriptor.java:363) ~[junit-jupiter-engine-5.8.2.jar:5.8.2]
	at org.junit.jupiter.engine.descriptor.ClassBasedTestDescriptor.executeAndMaskThrowable(ClassBasedTestDescriptor.java:368) ~[junit-jupiter-engine-5.8.2.jar:5.8.2]
	at org.junit.jupiter.engine.descriptor.ClassBasedTestDescriptor.lambda$invokeTestInstancePostProcessors$9(ClassBasedTestDescriptor.java:363) ~[junit-jupiter-engine-5.8.2.jar:5.8.2]
	at java.base/java.util.stream.ReferencePipeline$3$1.accept(ReferencePipeline.java:197) ~[na:na]
	at java.base/java.util.stream.ReferencePipeline$2$1.accept(ReferencePipeline.java:179) ~[na:na]
	at java.base/java.util.ArrayList$ArrayListSpliterator.forEachRemaining(ArrayList.java:1625) ~[na:na]
	at java.base/java.util.stream.AbstractPipeline.copyInto(AbstractPipeline.java:509) ~[na:na]
	at java.base/java.util.stream.AbstractPipeline.wrapAndCopyInto(AbstractPipeline.java:499) ~[na:na]
	at java.base/java.util.stream.StreamSpliterators$WrappingSpliterator.forEachRemaining(StreamSpliterators.java:310) ~[na:na]
	at java.base/java.util.stream.Streams$ConcatSpliterator.forEachRemaining(Streams.java:735) ~[na:na]
	at java.base/java.util.stream.Streams$ConcatSpliterator.forEachRemaining(Streams.java:734) ~[na:na]
	at java.base/java.util.stream.ReferencePipeline$Head.forEach(ReferencePipeline.java:762) ~[na:na]
	at org.junit.jupiter.engine.descriptor.ClassBasedTestDescriptor.invokeTestInstancePostProcessors(ClassBasedTestDescriptor.java:362) ~[junit-jupiter-engine-5.8.2.jar:5.8.2]
	at org.junit.jupiter.engine.descriptor.ClassBasedTestDescriptor.lambda$instantiateAndPostProcessTestInstance$6(ClassBasedTestDescriptor.java:283) ~[junit-jupiter-engine-5.8.2.jar:5.8.2]
	at org.junit.platform.engine.support.hierarchical.ThrowableCollector.execute(ThrowableCollector.java:73) ~[junit-platform-engine-1.8.2.jar:1.8.2]
	at org.junit.jupiter.engine.descriptor.ClassBasedTestDescriptor.instantiateAndPostProcessTestInstance(ClassBasedTestDescriptor.java:282) ~[junit-jupiter-engine-5.8.2.jar:5.8.2]
	at org.junit.jupiter.engine.descriptor.ClassBasedTestDescriptor.lambda$testInstancesProvider$4(ClassBasedTestDescriptor.java:272) ~[junit-jupiter-engine-5.8.2.jar:5.8.2]
	at java.base/java.util.Optional.orElseGet(Optional.java:364) ~[na:na]
	at org.junit.jupiter.engine.descriptor.ClassBasedTestDescriptor.lambda$testInstancesProvider$5(ClassBasedTestDescriptor.java:271) ~[junit-jupiter-engine-5.8.2.jar:5.8.2]
	at org.junit.jupiter.engine.execution.TestInstancesProvider.getTestInstances(TestInstancesProvider.java:31) ~[junit-jupiter-engine-5.8.2.jar:5.8.2]
	at org.junit.jupiter.engine.descriptor.TestMethodTestDescriptor.lambda$prepare$0(TestMethodTestDescriptor.java:102) ~[junit-jupiter-engine-5.8.2.jar:5.8.2]
	at org.junit.platform.engine.support.hierarchical.ThrowableCollector.execute(ThrowableCollector.java:73) ~[junit-platform-engine-1.8.2.jar:1.8.2]
	at org.junit.jupiter.engine.descriptor.TestMethodTestDescriptor.prepare(TestMethodTestDescriptor.java:101) ~[junit-jupiter-engine-5.8.2.jar:5.8.2]
	at org.junit.jupiter.engine.descriptor.TestMethodTestDescriptor.prepare(TestMethodTestDescriptor.java:66) ~[junit-jupiter-engine-5.8.2.jar:5.8.2]
	at org.junit.platform.engine.support.hierarchical.NodeTestTask.lambda$prepare$2(NodeTestTask.java:123) ~[junit-platform-engine-1.8.2.jar:1.8.2]
	at org.junit.platform.engine.support.hierarchical.ThrowableCollector.execute(ThrowableCollector.java:73) ~[junit-platform-engine-1.8.2.jar:1.8.2]
	at org.junit.platform.engine.support.hierarchical.NodeTestTask.prepare(NodeTestTask.java:123) ~[junit-platform-engine-1.8.2.jar:1.8.2]
	at org.junit.platform.engine.support.hierarchical.NodeTestTask.execute(NodeTestTask.java:90) ~[junit-platform-engine-1.8.2.jar:1.8.2]
	at java.base/java.util.ArrayList.forEach(ArrayList.java:1511) ~[na:na]
	at org.junit.platform.engine.support.hierarchical.SameThreadHierarchicalTestExecutorService.invokeAll(SameThreadHierarchicalTestExecutorService.java:41) ~[junit-platform-engine-1.8.2.jar:1.8.2]
	at org.junit.platform.engine.support.hierarchical.NodeTestTask.lambda$executeRecursively$6(NodeTestTask.java:155) ~[junit-platform-engine-1.8.2.jar:1.8.2]
	at org.junit.platform.engine.support.hierarchical.ThrowableCollector.execute(ThrowableCollector.java:73) ~[junit-platform-engine-1.8.2.jar:1.8.2]
	at org.junit.platform.engine.support.hierarchical.NodeTestTask.lambda$executeRecursively$8(NodeTestTask.java:141) ~[junit-platform-engine-1.8.2.jar:1.8.2]
	at org.junit.platform.engine.support.hierarchical.Node.around(Node.java:137) ~[junit-platform-engine-1.8.2.jar:1.8.2]
	at org.junit.platform.engine.support.hierarchical.NodeTestTask.lambda$executeRecursively$9(NodeTestTask.java:139) ~[junit-platform-engine-1.8.2.jar:1.8.2]
	at org.junit.platform.engine.support.hierarchical.ThrowableCollector.execute(ThrowableCollector.java:73) ~[junit-platform-engine-1.8.2.jar:1.8.2]
	at org.junit.platform.engine.support.hierarchical.NodeTestTask.executeRecursively(NodeTestTask.java:138) ~[junit-platform-engine-1.8.2.jar:1.8.2]
	at org.junit.platform.engine.support.hierarchical.NodeTestTask.execute(NodeTestTask.java:95) ~[junit-platform-engine-1.8.2.jar:1.8.2]
	at java.base/java.util.ArrayList.forEach(ArrayList.java:1511) ~[na:na]
	at org.junit.platform.engine.support.hierarchical.SameThreadHierarchicalTestExecutorService.invokeAll(SameThreadHierarchicalTestExecutorService.java:41) ~[junit-platform-engine-1.8.2.jar:1.8.2]
	at org.junit.platform.engine.support.hierarchical.NodeTestTask.lambda$executeRecursively$6(NodeTestTask.java:155) ~[junit-platform-engine-1.8.2.jar:1.8.2]
	at org.junit.platform.engine.support.hierarchical.ThrowableCollector.execute(ThrowableCollector.java:73) ~[junit-platform-engine-1.8.2.jar:1.8.2]
	at org.junit.platform.engine.support.hierarchical.NodeTestTask.lambda$executeRecursively$8(NodeTestTask.java:141) ~[junit-platform-engine-1.8.2.jar:1.8.2]
	at org.junit.platform.engine.support.hierarchical.Node.around(Node.java:137) ~[junit-platform-engine-1.8.2.jar:1.8.2]
	at org.junit.platform.engine.support.hierarchical.NodeTestTask.lambda$executeRecursively$9(NodeTestTask.java:139) ~[junit-platform-engine-1.8.2.jar:1.8.2]
	at org.junit.platform.engine.support.hierarchical.ThrowableCollector.execute(ThrowableCollector.java:73) ~[junit-platform-engine-1.8.2.jar:1.8.2]
	at org.junit.platform.engine.support.hierarchical.NodeTestTask.executeRecursively(NodeTestTask.java:138) ~[junit-platform-engine-1.8.2.jar:1.8.2]
	at org.junit.platform.engine.support.hierarchical.NodeTestTask.execute(NodeTestTask.java:95) ~[junit-platform-engine-1.8.2.jar:1.8.2]
	at org.junit.platform.engine.support.hierarchical.SameThreadHierarchicalTestExecutorService.submit(SameThreadHierarchicalTestExecutorService.java:35) ~[junit-platform-engine-1.8.2.jar:1.8.2]
	at org.junit.platform.engine.support.hierarchical.HierarchicalTestExecutor.execute(HierarchicalTestExecutor.java:57) ~[junit-platform-engine-1.8.2.jar:1.8.2]
	at org.junit.platform.engine.support.hierarchical.HierarchicalTestEngine.execute(HierarchicalTestEngine.java:54) ~[junit-platform-engine-1.8.2.jar:1.8.2]
	at org.junit.platform.launcher.core.DefaultLauncher.execute(DefaultLauncher.java:220) ~[junit-platform-launcher-1.3.1.jar:1.3.1]
	at org.junit.platform.launcher.core.DefaultLauncher.lambda$execute$6(DefaultLauncher.java:188) ~[junit-platform-launcher-1.3.1.jar:1.3.1]
	at org.junit.platform.launcher.core.DefaultLauncher.withInterceptedStreams(DefaultLauncher.java:202) ~[junit-platform-launcher-1.3.1.jar:1.3.1]
	at org.junit.platform.launcher.core.DefaultLauncher.execute(DefaultLauncher.java:181) ~[junit-platform-launcher-1.3.1.jar:1.3.1]
	at org.junit.platform.launcher.core.DefaultLauncher.execute(DefaultLauncher.java:128) ~[junit-platform-launcher-1.3.1.jar:1.3.1]
	at org.apache.maven.surefire.junitplatform.JUnitPlatformProvider.invokeAllTests(JUnitPlatformProvider.java:150) ~[surefire-junit-platform-2.22.2.jar:2.22.2]
	at org.apache.maven.surefire.junitplatform.JUnitPlatformProvider.invoke(JUnitPlatformProvider.java:124) ~[surefire-junit-platform-2.22.2.jar:2.22.2]
	at org.apache.maven.surefire.booter.ForkedBooter.invokeProviderInSameClassLoader(ForkedBooter.java:384) ~[surefire-booter-2.22.2.jar:2.22.2]
	at org.apache.maven.surefire.booter.ForkedBooter.runSuitesInProcess(ForkedBooter.java:345) ~[surefire-booter-2.22.2.jar:2.22.2]
	at org.apache.maven.surefire.booter.ForkedBooter.execute(ForkedBooter.java:126) ~[surefire-booter-2.22.2.jar:2.22.2]
	at org.apache.maven.surefire.booter.ForkedBooter.main(ForkedBooter.java:418) ~[surefire-booter-2.22.2.jar:2.22.2]
Caused by: org.springframework.beans.factory.BeanCreationException: Error creating bean with name 'org.springframework.session.data.redis.config.annotation.web.http.RedisHttpSessionConfiguration': Initialization of bean failed; nested exception is org.springframework.beans.factory.BeanCreationException: Error creating bean with name 'connectionFactory' defined in class path resource [com/serveTechIT/ServeTechIt/session/config/SessionConfig.class]: Bean instantiation via factory method failed; nested exception is org.springframework.beans.BeanInstantiationException: Failed to instantiate [org.springframework.data.redis.connection.lettuce.LettuceConnectionFactory]: Factory method 'connectionFactory' threw exception; nested exception is java.lang.NoClassDefFoundError: io/lettuce/core/KeyScanArgs
	at org.springframework.beans.factory.support.AbstractAutowireCapableBeanFactory.doCreateBean(AbstractAutowireCapableBeanFactory.java:628) ~[spring-beans-5.3.25.jar:5.3.25]
	at org.springframework.beans.factory.support.AbstractAutowireCapableBeanFactory.createBean(AbstractAutowireCapableBeanFactory.java:542) ~[spring-beans-5.3.25.jar:5.3.25]
	at org.springframework.beans.factory.support.AbstractBeanFactory.lambda$doGetBean$0(AbstractBeanFactory.java:335) ~[spring-beans-5.3.25.jar:5.3.25]
	at org.springframework.beans.factory.support.DefaultSingletonBeanRegistry.getSingleton(DefaultSingletonBeanRegistry.java:234) ~[spring-beans-5.3.25.jar:5.3.25]
	at org.springframework.beans.factory.support.AbstractBeanFactory.doGetBean(AbstractBeanFactory.java:333) ~[spring-beans-5.3.25.jar:5.3.25]
	at org.springframework.beans.factory.support.AbstractBeanFactory.getBean(AbstractBeanFactory.java:208) ~[spring-beans-5.3.25.jar:5.3.25]
	at org.springframework.beans.factory.config.DependencyDescriptor.resolveCandidate(DependencyDescriptor.java:276) ~[spring-beans-5.3.25.jar:5.3.25]
	at org.springframework.beans.factory.support.DefaultListableBeanFactory.doResolveDependency(DefaultListableBeanFactory.java:1391) ~[spring-beans-5.3.25.jar:5.3.25]
	at org.springframework.beans.factory.support.DefaultListableBeanFactory.resolveDependency(DefaultListableBeanFactory.java:1311) ~[spring-beans-5.3.25.jar:5.3.25]
	at org.springframework.beans.factory.support.ConstructorResolver.resolveAutowiredArgument(ConstructorResolver.java:887) ~[spring-beans-5.3.25.jar:5.3.25]
	at org.springframework.beans.factory.support.ConstructorResolver.createArgumentArray(ConstructorResolver.java:791) ~[spring-beans-5.3.25.jar:5.3.25]
	... 85 common frames omitted
Caused by: org.springframework.beans.factory.BeanCreationException: Error creating bean with name 'connectionFactory' defined in class path resource [com/serveTechIT/ServeTechIt/session/config/SessionConfig.class]: Bean instantiation via factory method failed; nested exception is org.springframework.beans.BeanInstantiationException: Failed to instantiate [org.springframework.data.redis.connection.lettuce.LettuceConnectionFactory]: Factory method 'connectionFactory' threw exception; nested exception is java.lang.NoClassDefFoundError: io/lettuce/core/KeyScanArgs
	at org.springframework.beans.factory.support.ConstructorResolver.instantiate(ConstructorResolver.java:658) ~[spring-beans-5.3.25.jar:5.3.25]
	at org.springframework.beans.factory.support.ConstructorResolver.instantiateUsingFactoryMethod(ConstructorResolver.java:486) ~[spring-beans-5.3.25.jar:5.3.25]
	at org.springframework.beans.factory.support.AbstractAutowireCapableBeanFactory.instantiateUsingFactoryMethod(AbstractAutowireCapableBeanFactory.java:1352) ~[spring-beans-5.3.25.jar:5.3.25]
	at org.springframework.beans.factory.support.AbstractAutowireCapableBeanFactory.createBeanInstance(AbstractAutowireCapableBeanFactory.java:1195) ~[spring-beans-5.3.25.jar:5.3.25]
	at org.springframework.beans.factory.support.AbstractAutowireCapableBeanFactory.doCreateBean(AbstractAutowireCapableBeanFactory.java:582) ~[spring-beans-5.3.25.jar:5.3.25]
	at org.springframework.beans.factory.support.AbstractAutowireCapableBeanFactory.createBean(AbstractAutowireCapableBeanFactory.java:542) ~[spring-beans-5.3.25.jar:5.3.25]
	at org.springframework.beans.factory.support.AbstractBeanFactory.lambda$doGetBean$0(AbstractBeanFactory.java:335) ~[spring-beans-5.3.25.jar:5.3.25]
	at org.springframework.beans.factory.support.DefaultSingletonBeanRegistry.getSingleton(DefaultSingletonBeanRegistry.java:234) ~[spring-beans-5.3.25.jar:5.3.25]
	at org.springframework.beans.factory.support.AbstractBeanFactory.doGetBean(AbstractBeanFactory.java:333) ~[spring-beans-5.3.25.jar:5.3.25]
	at org.springframework.beans.factory.support.AbstractBeanFactory.getBean(AbstractBeanFactory.java:208) ~[spring-beans-5.3.25.jar:5.3.25]
	at org.springframework.beans.factory.config.DependencyDescriptor.resolveCandidate(DependencyDescriptor.java:276) ~[spring-beans-5.3.25.jar:5.3.25]
	at org.springframework.beans.factory.support.DefaultListableBeanFactory.doResolveDependency(DefaultListableBeanFactory.java:1391) ~[spring-beans-5.3.25.jar:5.3.25]
	at org.springframework.beans.factory.support.DefaultListableBeanFactory$DependencyObjectProvider.getObject(DefaultListableBeanFactory.java:1990) ~[spring-beans-5.3.25.jar:5.3.25]
	at org.springframework.session.data.redis.config.annotation.web.http.RedisHttpSessionConfiguration.setRedisConnectionFactory(RedisHttpSessionConfiguration.java:209) ~[spring-session-data-redis-2.4.2.jar:2.4.2]
	at java.base/jdk.internal.reflect.NativeMethodAccessorImpl.invoke0(Native Method) ~[na:na]
	at java.base/jdk.internal.reflect.NativeMethodAccessorImpl.invoke(NativeMethodAccessorImpl.java:77) ~[na:na]
	at java.base/jdk.internal.reflect.DelegatingMethodAccessorImpl.invoke(DelegatingMethodAccessorImpl.java:43) ~[na:na]
	at java.base/java.lang.reflect.Method.invoke(Method.java:568) ~[na:na]
	at org.springframework.beans.factory.annotation.AutowiredAnnotationBeanPostProcessor$AutowiredMethodElement.inject(AutowiredAnnotationBeanPostProcessor.java:725) ~[spring-beans-5.3.25.jar:5.3.25]
	at org.springframework.beans.factory.annotation.InjectionMetadata.inject(InjectionMetadata.java:119) ~[spring-beans-5.3.25.jar:5.3.25]
	at org.springframework.beans.factory.annotation.AutowiredAnnotationBeanPostProcessor.postProcessProperties(AutowiredAnnotationBeanPostProcessor.java:399) ~[spring-beans-5.3.25.jar:5.3.25]
	at org.springframework.beans.factory.support.AbstractAutowireCapableBeanFactory.populateBean(AbstractAutowireCapableBeanFactory.java:1431) ~[spring-beans-5.3.25.jar:5.3.25]
	at org.springframework.beans.factory.support.AbstractAutowireCapableBeanFactory.doCreateBean(AbstractAutowireCapableBeanFactory.java:619) ~[spring-beans-5.3.25.jar:5.3.25]
	... 95 common frames omitted
Caused by: org.springframework.beans.BeanInstantiationException: Failed to instantiate [org.springframework.data.redis.connection.lettuce.LettuceConnectionFactory]: Factory method 'connectionFactory' threw exception; nested exception is java.lang.NoClassDefFoundError: io/lettuce/core/KeyScanArgs
	at org.springframework.beans.factory.support.SimpleInstantiationStrategy.instantiate(SimpleInstantiationStrategy.java:185) ~[spring-beans-5.3.25.jar:5.3.25]
	at org.springframework.beans.factory.support.ConstructorResolver.instantiate(ConstructorResolver.java:653) ~[spring-beans-5.3.25.jar:5.3.25]
	... 117 common frames omitted
Caused by: java.lang.NoClassDefFoundError: io/lettuce/core/KeyScanArgs
	at org.springframework.data.redis.connection.lettuce.LettuceConnectionFactory.<clinit>(LettuceConnectionFactory.java:107) ~[spring-data-redis-2.7.8.jar:2.7.8]
	at com.serveTechIT.ServeTechIt.session.config.SessionConfig.connectionFactory(SessionConfig.java:15) ~[classes/:na]
	at com.serveTechIT.ServeTechIt.session.config.SessionConfig$$EnhancerBySpringCGLIB$$79430fb2.CGLIB$connectionFactory$0(<generated>) ~[classes/:na]
	at com.serveTechIT.ServeTechIt.session.config.SessionConfig$$EnhancerBySpringCGLIB$$79430fb2$$FastClassBySpringCGLIB$$bf6a73b3.invoke(<generated>) ~[classes/:na]
	at org.springframework.cglib.proxy.MethodProxy.invokeSuper(MethodProxy.java:244) ~[spring-core-5.3.25.jar:5.3.25]
	at org.springframework.context.annotation.ConfigurationClassEnhancer$BeanMethodInterceptor.intercept(ConfigurationClassEnhancer.java:331) ~[spring-context-5.3.25.jar:5.3.25]
	at com.serveTechIT.ServeTechIt.session.config.SessionConfig$$EnhancerBySpringCGLIB$$79430fb2.connectionFactory(<generated>) ~[classes/:na]
	at java.base/jdk.internal.reflect.NativeMethodAccessorImpl.invoke0(Native Method) ~[na:na]
	at java.base/jdk.internal.reflect.NativeMethodAccessorImpl.invoke(NativeMethodAccessorImpl.java:77) ~[na:na]
	at java.base/jdk.internal.reflect.DelegatingMethodAccessorImpl.invoke(DelegatingMethodAccessorImpl.java:43) ~[na:na]
	at java.base/java.lang.reflect.Method.invoke(Method.java:568) ~[na:na]
	at org.springframework.beans.factory.support.SimpleInstantiationStrategy.instantiate(SimpleInstantiationStrategy.java:154) ~[spring-beans-5.3.25.jar:5.3.25]
	... 118 common frames omitted
Caused by: java.lang.ClassNotFoundException: io.lettuce.core.KeyScanArgs
	at java.base/jdk.internal.loader.BuiltinClassLoader.loadClass(BuiltinClassLoader.java:641) ~[na:na]
	at java.base/jdk.internal.loader.ClassLoaders$AppClassLoader.loadClass(ClassLoaders.java:188) ~[na:na]
	at java.base/java.lang.ClassLoader.loadClass(ClassLoader.java:520) ~[na:na]
	... 130 common frames omitted

2023-03-07 20:37:49.959 ERROR 14074 --- [           main] o.s.test.context.TestContextManager      : Caught exception while allowing TestExecutionListener [org.springframework.test.context.web.ServletTestExecutionListener@484094a5] to prepare test instance [com.serveTechIT.ServeTechIt.ServeTechApplicationTests@68fa8ea5]

java.lang.IllegalStateException: Failed to load ApplicationContext
	at org.springframework.test.context.cache.DefaultCacheAwareContextLoaderDelegate.loadContext(DefaultCacheAwareContextLoaderDelegate.java:98) ~[spring-test-5.3.25.jar:5.3.25]
	at org.springframework.test.context.support.DefaultTestContext.getApplicationContext(DefaultTestContext.java:124) ~[spring-test-5.3.25.jar:5.3.25]
	at org.springframework.test.context.web.ServletTestExecutionListener.setUpRequestContextIfNecessary(ServletTestExecutionListener.java:190) ~[spring-test-5.3.25.jar:5.3.25]
	at org.springframework.test.context.web.ServletTestExecutionListener.prepareTestInstance(ServletTestExecutionListener.java:132) ~[spring-test-5.3.25.jar:5.3.25]
	at org.springframework.test.context.TestContextManager.prepareTestInstance(TestContextManager.java:248) ~[spring-test-5.3.25.jar:5.3.25]
	at org.springframework.test.context.junit.jupiter.SpringExtension.postProcessTestInstance(SpringExtension.java:138) ~[spring-test-5.3.25.jar:5.3.25]
	at org.junit.jupiter.engine.descriptor.ClassBasedTestDescriptor.lambda$invokeTestInstancePostProcessors$8(ClassBasedTestDescriptor.java:363) ~[junit-jupiter-engine-5.8.2.jar:5.8.2]
	at org.junit.jupiter.engine.descriptor.ClassBasedTestDescriptor.executeAndMaskThrowable(ClassBasedTestDescriptor.java:368) ~[junit-jupiter-engine-5.8.2.jar:5.8.2]
	at org.junit.jupiter.engine.descriptor.ClassBasedTestDescriptor.lambda$invokeTestInstancePostProcessors$9(ClassBasedTestDescriptor.java:363) ~[junit-jupiter-engine-5.8.2.jar:5.8.2]
	at java.base/java.util.stream.ReferencePipeline$3$1.accept(ReferencePipeline.java:197) ~[na:na]
	at java.base/java.util.stream.ReferencePipeline$2$1.accept(ReferencePipeline.java:179) ~[na:na]
	at java.base/java.util.ArrayList$ArrayListSpliterator.forEachRemaining(ArrayList.java:1625) ~[na:na]
	at java.base/java.util.stream.AbstractPipeline.copyInto(AbstractPipeline.java:509) ~[na:na]
	at java.base/java.util.stream.AbstractPipeline.wrapAndCopyInto(AbstractPipeline.java:499) ~[na:na]
	at java.base/java.util.stream.StreamSpliterators$WrappingSpliterator.forEachRemaining(StreamSpliterators.java:310) ~[na:na]
	at java.base/java.util.stream.Streams$ConcatSpliterator.forEachRemaining(Streams.java:735) ~[na:na]
	at java.base/java.util.stream.Streams$ConcatSpliterator.forEachRemaining(Streams.java:734) ~[na:na]
	at java.base/java.util.stream.ReferencePipeline$Head.forEach(ReferencePipeline.java:762) ~[na:na]
	at org.junit.jupiter.engine.descriptor.ClassBasedTestDescriptor.invokeTestInstancePostProcessors(ClassBasedTestDescriptor.java:362) ~[junit-jupiter-engine-5.8.2.jar:5.8.2]
	at org.junit.jupiter.engine.descriptor.ClassBasedTestDescriptor.lambda$instantiateAndPostProcessTestInstance$6(ClassBasedTestDescriptor.java:283) ~[junit-jupiter-engine-5.8.2.jar:5.8.2]
	at org.junit.platform.engine.support.hierarchical.ThrowableCollector.execute(ThrowableCollector.java:73) ~[junit-platform-engine-1.8.2.jar:1.8.2]
	at org.junit.jupiter.engine.descriptor.ClassBasedTestDescriptor.instantiateAndPostProcessTestInstance(ClassBasedTestDescriptor.java:282) ~[junit-jupiter-engine-5.8.2.jar:5.8.2]
	at org.junit.jupiter.engine.descriptor.ClassBasedTestDescriptor.lambda$testInstancesProvider$4(ClassBasedTestDescriptor.java:272) ~[junit-jupiter-engine-5.8.2.jar:5.8.2]
	at java.base/java.util.Optional.orElseGet(Optional.java:364) ~[na:na]
	at org.junit.jupiter.engine.descriptor.ClassBasedTestDescriptor.lambda$testInstancesProvider$5(ClassBasedTestDescriptor.java:271) ~[junit-jupiter-engine-5.8.2.jar:5.8.2]
	at org.junit.jupiter.engine.execution.TestInstancesProvider.getTestInstances(TestInstancesProvider.java:31) ~[junit-jupiter-engine-5.8.2.jar:5.8.2]
	at org.junit.jupiter.engine.descriptor.TestMethodTestDescriptor.lambda$prepare$0(TestMethodTestDescriptor.java:102) ~[junit-jupiter-engine-5.8.2.jar:5.8.2]
	at org.junit.platform.engine.support.hierarchical.ThrowableCollector.execute(ThrowableCollector.java:73) ~[junit-platform-engine-1.8.2.jar:1.8.2]
	at org.junit.jupiter.engine.descriptor.TestMethodTestDescriptor.prepare(TestMethodTestDescriptor.java:101) ~[junit-jupiter-engine-5.8.2.jar:5.8.2]
	at org.junit.jupiter.engine.descriptor.TestMethodTestDescriptor.prepare(TestMethodTestDescriptor.java:66) ~[junit-jupiter-engine-5.8.2.jar:5.8.2]
	at org.junit.platform.engine.support.hierarchical.NodeTestTask.lambda$prepare$2(NodeTestTask.java:123) ~[junit-platform-engine-1.8.2.jar:1.8.2]
	at org.junit.platform.engine.support.hierarchical.ThrowableCollector.execute(ThrowableCollector.java:73) ~[junit-platform-engine-1.8.2.jar:1.8.2]
	at org.junit.platform.engine.support.hierarchical.NodeTestTask.prepare(NodeTestTask.java:123) ~[junit-platform-engine-1.8.2.jar:1.8.2]
	at org.junit.platform.engine.support.hierarchical.NodeTestTask.execute(NodeTestTask.java:90) ~[junit-platform-engine-1.8.2.jar:1.8.2]
	at java.base/java.util.ArrayList.forEach(ArrayList.java:1511) ~[na:na]
	at org.junit.platform.engine.support.hierarchical.SameThreadHierarchicalTestExecutorService.invokeAll(SameThreadHierarchicalTestExecutorService.java:41) ~[junit-platform-engine-1.8.2.jar:1.8.2]
	at org.junit.platform.engine.support.hierarchical.NodeTestTask.lambda$executeRecursively$6(NodeTestTask.java:155) ~[junit-platform-engine-1.8.2.jar:1.8.2]
	at org.junit.platform.engine.support.hierarchical.ThrowableCollector.execute(ThrowableCollector.java:73) ~[junit-platform-engine-1.8.2.jar:1.8.2]
	at org.junit.platform.engine.support.hierarchical.NodeTestTask.lambda$executeRecursively$8(NodeTestTask.java:141) ~[junit-platform-engine-1.8.2.jar:1.8.2]
	at org.junit.platform.engine.support.hierarchical.Node.around(Node.java:137) ~[junit-platform-engine-1.8.2.jar:1.8.2]
	at org.junit.platform.engine.support.hierarchical.NodeTestTask.lambda$executeRecursively$9(NodeTestTask.java:139) ~[junit-platform-engine-1.8.2.jar:1.8.2]
	at org.junit.platform.engine.support.hierarchical.ThrowableCollector.execute(ThrowableCollector.java:73) ~[junit-platform-engine-1.8.2.jar:1.8.2]
	at org.junit.platform.engine.support.hierarchical.NodeTestTask.executeRecursively(NodeTestTask.java:138) ~[junit-platform-engine-1.8.2.jar:1.8.2]
	at org.junit.platform.engine.support.hierarchical.NodeTestTask.execute(NodeTestTask.java:95) ~[junit-platform-engine-1.8.2.jar:1.8.2]
	at java.base/java.util.ArrayList.forEach(ArrayList.java:1511) ~[na:na]
	at org.junit.platform.engine.support.hierarchical.SameThreadHierarchicalTestExecutorService.invokeAll(SameThreadHierarchicalTestExecutorService.java:41) ~[junit-platform-engine-1.8.2.jar:1.8.2]
	at org.junit.platform.engine.support.hierarchical.NodeTestTask.lambda$executeRecursively$6(NodeTestTask.java:155) ~[junit-platform-engine-1.8.2.jar:1.8.2]
	at org.junit.platform.engine.support.hierarchical.ThrowableCollector.execute(ThrowableCollector.java:73) ~[junit-platform-engine-1.8.2.jar:1.8.2]
	at org.junit.platform.engine.support.hierarchical.NodeTestTask.lambda$executeRecursively$8(NodeTestTask.java:141) ~[junit-platform-engine-1.8.2.jar:1.8.2]
	at org.junit.platform.engine.support.hierarchical.Node.around(Node.java:137) ~[junit-platform-engine-1.8.2.jar:1.8.2]
	at org.junit.platform.engine.support.hierarchical.NodeTestTask.lambda$executeRecursively$9(NodeTestTask.java:139) ~[junit-platform-engine-1.8.2.jar:1.8.2]
	at org.junit.platform.engine.support.hierarchical.ThrowableCollector.execute(ThrowableCollector.java:73) ~[junit-platform-engine-1.8.2.jar:1.8.2]
	at org.junit.platform.engine.support.hierarchical.NodeTestTask.executeRecursively(NodeTestTask.java:138) ~[junit-platform-engine-1.8.2.jar:1.8.2]
	at org.junit.platform.engine.support.hierarchical.NodeTestTask.execute(NodeTestTask.java:95) ~[junit-platform-engine-1.8.2.jar:1.8.2]
	at org.junit.platform.engine.support.hierarchical.SameThreadHierarchicalTestExecutorService.submit(SameThreadHierarchicalTestExecutorService.java:35) ~[junit-platform-engine-1.8.2.jar:1.8.2]
	at org.junit.platform.engine.support.hierarchical.HierarchicalTestExecutor.execute(HierarchicalTestExecutor.java:57) ~[junit-platform-engine-1.8.2.jar:1.8.2]
	at org.junit.platform.engine.support.hierarchical.HierarchicalTestEngine.execute(HierarchicalTestEngine.java:54) ~[junit-platform-engine-1.8.2.jar:1.8.2]
	at org.junit.platform.launcher.core.DefaultLauncher.execute(DefaultLauncher.java:220) ~[junit-platform-launcher-1.3.1.jar:1.3.1]
	at org.junit.platform.launcher.core.DefaultLauncher.lambda$execute$6(DefaultLauncher.java:188) ~[junit-platform-launcher-1.3.1.jar:1.3.1]
	at org.junit.platform.launcher.core.DefaultLauncher.withInterceptedStreams(DefaultLauncher.java:202) ~[junit-platform-launcher-1.3.1.jar:1.3.1]
	at org.junit.platform.launcher.core.DefaultLauncher.execute(DefaultLauncher.java:181) ~[junit-platform-launcher-1.3.1.jar:1.3.1]
	at org.junit.platform.launcher.core.DefaultLauncher.execute(DefaultLauncher.java:128) ~[junit-platform-launcher-1.3.1.jar:1.3.1]
	at org.apache.maven.surefire.junitplatform.JUnitPlatformProvider.invokeAllTests(JUnitPlatformProvider.java:150) ~[surefire-junit-platform-2.22.2.jar:2.22.2]
	at org.apache.maven.surefire.junitplatform.JUnitPlatformProvider.invoke(JUnitPlatformProvider.java:124) ~[surefire-junit-platform-2.22.2.jar:2.22.2]
	at org.apache.maven.surefire.booter.ForkedBooter.invokeProviderInSameClassLoader(ForkedBooter.java:384) ~[surefire-booter-2.22.2.jar:2.22.2]
	at org.apache.maven.surefire.booter.ForkedBooter.runSuitesInProcess(ForkedBooter.java:345) ~[surefire-booter-2.22.2.jar:2.22.2]
	at org.apache.maven.surefire.booter.ForkedBooter.execute(ForkedBooter.java:126) ~[surefire-booter-2.22.2.jar:2.22.2]
	at org.apache.maven.surefire.booter.ForkedBooter.main(ForkedBooter.java:418) ~[surefire-booter-2.22.2.jar:2.22.2]
Caused by: org.springframework.beans.factory.UnsatisfiedDependencyException: Error creating bean with name 'org.springframework.session.data.redis.config.annotation.web.http.RedisHttpSessionConfiguration$SessionCleanupConfiguration': Unsatisfied dependency expressed through constructor parameter 0; nested exception is org.springframework.beans.factory.BeanCreationException: Error creating bean with name 'org.springframework.session.data.redis.config.annotation.web.http.RedisHttpSessionConfiguration': Initialization of bean failed; nested exception is org.springframework.beans.factory.BeanCreationException: Error creating bean with name 'connectionFactory' defined in class path resource [com/serveTechIT/ServeTechIt/session/config/SessionConfig.class]: Bean instantiation via factory method failed; nested exception is org.springframework.beans.BeanInstantiationException: Failed to instantiate [org.springframework.data.redis.connection.lettuce.LettuceConnectionFactory]: Factory method 'connectionFactory' threw exception; nested exception is java.lang.NoClassDefFoundError: io/lettuce/core/KeyScanArgs
	at org.springframework.beans.factory.support.ConstructorResolver.createArgumentArray(ConstructorResolver.java:800) ~[spring-beans-5.3.25.jar:5.3.25]
	at org.springframework.beans.factory.support.ConstructorResolver.autowireConstructor(ConstructorResolver.java:229) ~[spring-beans-5.3.25.jar:5.3.25]
	at org.springframework.beans.factory.support.AbstractAutowireCapableBeanFactory.autowireConstructor(AbstractAutowireCapableBeanFactory.java:1372) ~[spring-beans-5.3.25.jar:5.3.25]
	at org.springframework.beans.factory.support.AbstractAutowireCapableBeanFactory.createBeanInstance(AbstractAutowireCapableBeanFactory.java:1222) ~[spring-beans-5.3.25.jar:5.3.25]
	at org.springframework.beans.factory.support.AbstractAutowireCapableBeanFactory.doCreateBean(AbstractAutowireCapableBeanFactory.java:582) ~[spring-beans-5.3.25.jar:5.3.25]
	at org.springframework.beans.factory.support.AbstractAutowireCapableBeanFactory.createBean(AbstractAutowireCapableBeanFactory.java:542) ~[spring-beans-5.3.25.jar:5.3.25]
	at org.springframework.beans.factory.support.AbstractBeanFactory.lambda$doGetBean$0(AbstractBeanFactory.java:335) ~[spring-beans-5.3.25.jar:5.3.25]
	at org.springframework.beans.factory.support.DefaultSingletonBeanRegistry.getSingleton(DefaultSingletonBeanRegistry.java:234) ~[spring-beans-5.3.25.jar:5.3.25]
	at org.springframework.beans.factory.support.AbstractBeanFactory.doGetBean(AbstractBeanFactory.java:333) ~[spring-beans-5.3.25.jar:5.3.25]
	at org.springframework.beans.factory.support.AbstractBeanFactory.getBean(AbstractBeanFactory.java:208) ~[spring-beans-5.3.25.jar:5.3.25]
	at org.springframework.beans.factory.support.DefaultListableBeanFactory.preInstantiateSingletons(DefaultListableBeanFactory.java:955) ~[spring-beans-5.3.25.jar:5.3.25]
	at org.springframework.context.support.AbstractApplicationContext.finishBeanFactoryInitialization(AbstractApplicationContext.java:918) ~[spring-context-5.3.25.jar:5.3.25]
	at org.springframework.context.support.AbstractApplicationContext.refresh(AbstractApplicationContext.java:583) ~[spring-context-5.3.25.jar:5.3.25]
	at org.springframework.boot.SpringApplication.refresh(SpringApplication.java:731) ~[spring-boot-2.7.9.jar:2.7.9]
	at org.springframework.boot.SpringApplication.refreshContext(SpringApplication.java:408) ~[spring-boot-2.7.9.jar:2.7.9]
	at org.springframework.boot.SpringApplication.run(SpringApplication.java:307) ~[spring-boot-2.7.9.jar:2.7.9]
	at org.springframework.boot.test.context.SpringBootContextLoader.loadContext(SpringBootContextLoader.java:136) ~[spring-boot-test-2.7.9.jar:2.7.9]
	at org.springframework.test.context.cache.DefaultCacheAwareContextLoaderDelegate.loadContextInternal(DefaultCacheAwareContextLoaderDelegate.java:141) ~[spring-test-5.3.25.jar:5.3.25]
	at org.springframework.test.context.cache.DefaultCacheAwareContextLoaderDelegate.loadContext(DefaultCacheAwareContextLoaderDelegate.java:90) ~[spring-test-5.3.25.jar:5.3.25]
	... 67 common frames omitted
Caused by: org.springframework.beans.factory.BeanCreationException: Error creating bean with name 'org.springframework.session.data.redis.config.annotation.web.http.RedisHttpSessionConfiguration': Initialization of bean failed; nested exception is org.springframework.beans.factory.BeanCreationException: Error creating bean with name 'connectionFactory' defined in class path resource [com/serveTechIT/ServeTechIt/session/config/SessionConfig.class]: Bean instantiation via factory method failed; nested exception is org.springframework.beans.BeanInstantiationException: Failed to instantiate [org.springframework.data.redis.connection.lettuce.LettuceConnectionFactory]: Factory method 'connectionFactory' threw exception; nested exception is java.lang.NoClassDefFoundError: io/lettuce/core/KeyScanArgs
	at org.springframework.beans.factory.support.AbstractAutowireCapableBeanFactory.doCreateBean(AbstractAutowireCapableBeanFactory.java:628) ~[spring-beans-5.3.25.jar:5.3.25]
	at org.springframework.beans.factory.support.AbstractAutowireCapableBeanFactory.createBean(AbstractAutowireCapableBeanFactory.java:542) ~[spring-beans-5.3.25.jar:5.3.25]
	at org.springframework.beans.factory.support.AbstractBeanFactory.lambda$doGetBean$0(AbstractBeanFactory.java:335) ~[spring-beans-5.3.25.jar:5.3.25]
	at org.springframework.beans.factory.support.DefaultSingletonBeanRegistry.getSingleton(DefaultSingletonBeanRegistry.java:234) ~[spring-beans-5.3.25.jar:5.3.25]
	at org.springframework.beans.factory.support.AbstractBeanFactory.doGetBean(AbstractBeanFactory.java:333) ~[spring-beans-5.3.25.jar:5.3.25]
	at org.springframework.beans.factory.support.AbstractBeanFactory.getBean(AbstractBeanFactory.java:208) ~[spring-beans-5.3.25.jar:5.3.25]
	at org.springframework.beans.factory.config.DependencyDescriptor.resolveCandidate(DependencyDescriptor.java:276) ~[spring-beans-5.3.25.jar:5.3.25]
	at org.springframework.beans.factory.support.DefaultListableBeanFactory.doResolveDependency(DefaultListableBeanFactory.java:1391) ~[spring-beans-5.3.25.jar:5.3.25]
	at org.springframework.beans.factory.support.DefaultListableBeanFactory.resolveDependency(DefaultListableBeanFactory.java:1311) ~[spring-beans-5.3.25.jar:5.3.25]
	at org.springframework.beans.factory.support.ConstructorResolver.resolveAutowiredArgument(ConstructorResolver.java:887) ~[spring-beans-5.3.25.jar:5.3.25]
	at org.springframework.beans.factory.support.ConstructorResolver.createArgumentArray(ConstructorResolver.java:791) ~[spring-beans-5.3.25.jar:5.3.25]
	... 85 common frames omitted
Caused by: org.springframework.beans.factory.BeanCreationException: Error creating bean with name 'connectionFactory' defined in class path resource [com/serveTechIT/ServeTechIt/session/config/SessionConfig.class]: Bean instantiation via factory method failed; nested exception is org.springframework.beans.BeanInstantiationException: Failed to instantiate [org.springframework.data.redis.connection.lettuce.LettuceConnectionFactory]: Factory method 'connectionFactory' threw exception; nested exception is java.lang.NoClassDefFoundError: io/lettuce/core/KeyScanArgs
	at org.springframework.beans.factory.support.ConstructorResolver.instantiate(ConstructorResolver.java:658) ~[spring-beans-5.3.25.jar:5.3.25]
	at org.springframework.beans.factory.support.ConstructorResolver.instantiateUsingFactoryMethod(ConstructorResolver.java:486) ~[spring-beans-5.3.25.jar:5.3.25]
	at org.springframework.beans.factory.support.AbstractAutowireCapableBeanFactory.instantiateUsingFactoryMethod(AbstractAutowireCapableBeanFactory.java:1352) ~[spring-beans-5.3.25.jar:5.3.25]
	at org.springframework.beans.factory.support.AbstractAutowireCapableBeanFactory.createBeanInstance(AbstractAutowireCapableBeanFactory.java:1195) ~[spring-beans-5.3.25.jar:5.3.25]
	at org.springframework.beans.factory.support.AbstractAutowireCapableBeanFactory.doCreateBean(AbstractAutowireCapableBeanFactory.java:582) ~[spring-beans-5.3.25.jar:5.3.25]
	at org.springframework.beans.factory.support.AbstractAutowireCapableBeanFactory.createBean(AbstractAutowireCapableBeanFactory.java:542) ~[spring-beans-5.3.25.jar:5.3.25]
	at org.springframework.beans.factory.support.AbstractBeanFactory.lambda$doGetBean$0(AbstractBeanFactory.java:335) ~[spring-beans-5.3.25.jar:5.3.25]
	at org.springframework.beans.factory.support.DefaultSingletonBeanRegistry.getSingleton(DefaultSingletonBeanRegistry.java:234) ~[spring-beans-5.3.25.jar:5.3.25]
	at org.springframework.beans.factory.support.AbstractBeanFactory.doGetBean(AbstractBeanFactory.java:333) ~[spring-beans-5.3.25.jar:5.3.25]
	at org.springframework.beans.factory.support.AbstractBeanFactory.getBean(AbstractBeanFactory.java:208) ~[spring-beans-5.3.25.jar:5.3.25]
	at org.springframework.beans.factory.config.DependencyDescriptor.resolveCandidate(DependencyDescriptor.java:276) ~[spring-beans-5.3.25.jar:5.3.25]
	at org.springframework.beans.factory.support.DefaultListableBeanFactory.doResolveDependency(DefaultListableBeanFactory.java:1391) ~[spring-beans-5.3.25.jar:5.3.25]
	at org.springframework.beans.factory.support.DefaultListableBeanFactory$DependencyObjectProvider.getObject(DefaultListableBeanFactory.java:1990) ~[spring-beans-5.3.25.jar:5.3.25]
	at org.springframework.session.data.redis.config.annotation.web.http.RedisHttpSessionConfiguration.setRedisConnectionFactory(RedisHttpSessionConfiguration.java:209) ~[spring-session-data-redis-2.4.2.jar:2.4.2]
	at java.base/jdk.internal.reflect.NativeMethodAccessorImpl.invoke0(Native Method) ~[na:na]
	at java.base/jdk.internal.reflect.NativeMethodAccessorImpl.invoke(NativeMethodAccessorImpl.java:77) ~[na:na]
	at java.base/jdk.internal.reflect.DelegatingMethodAccessorImpl.invoke(DelegatingMethodAccessorImpl.java:43) ~[na:na]
	at java.base/java.lang.reflect.Method.invoke(Method.java:568) ~[na:na]
	at org.springframework.beans.factory.annotation.AutowiredAnnotationBeanPostProcessor$AutowiredMethodElement.inject(AutowiredAnnotationBeanPostProcessor.java:725) ~[spring-beans-5.3.25.jar:5.3.25]
	at org.springframework.beans.factory.annotation.InjectionMetadata.inject(InjectionMetadata.java:119) ~[spring-beans-5.3.25.jar:5.3.25]
	at org.springframework.beans.factory.annotation.AutowiredAnnotationBeanPostProcessor.postProcessProperties(AutowiredAnnotationBeanPostProcessor.java:399) ~[spring-beans-5.3.25.jar:5.3.25]
	at org.springframework.beans.factory.support.AbstractAutowireCapableBeanFactory.populateBean(AbstractAutowireCapableBeanFactory.java:1431) ~[spring-beans-5.3.25.jar:5.3.25]
	at org.springframework.beans.factory.support.AbstractAutowireCapableBeanFactory.doCreateBean(AbstractAutowireCapableBeanFactory.java:619) ~[spring-beans-5.3.25.jar:5.3.25]
	... 95 common frames omitted
Caused by: org.springframework.beans.BeanInstantiationException: Failed to instantiate [org.springframework.data.redis.connection.lettuce.LettuceConnectionFactory]: Factory method 'connectionFactory' threw exception; nested exception is java.lang.NoClassDefFoundError: io/lettuce/core/KeyScanArgs
	at org.springframework.beans.factory.support.SimpleInstantiationStrategy.instantiate(SimpleInstantiationStrategy.java:185) ~[spring-beans-5.3.25.jar:5.3.25]
	at org.springframework.beans.factory.support.ConstructorResolver.instantiate(ConstructorResolver.java:653) ~[spring-beans-5.3.25.jar:5.3.25]
	... 117 common frames omitted
Caused by: java.lang.NoClassDefFoundError: io/lettuce/core/KeyScanArgs
	at org.springframework.data.redis.connection.lettuce.LettuceConnectionFactory.<clinit>(LettuceConnectionFactory.java:107) ~[spring-data-redis-2.7.8.jar:2.7.8]
	at com.serveTechIT.ServeTechIt.session.config.SessionConfig.connectionFactory(SessionConfig.java:15) ~[classes/:na]
	at com.serveTechIT.ServeTechIt.session.config.SessionConfig$$EnhancerBySpringCGLIB$$79430fb2.CGLIB$connectionFactory$0(<generated>) ~[classes/:na]
	at com.serveTechIT.ServeTechIt.session.config.SessionConfig$$EnhancerBySpringCGLIB$$79430fb2$$FastClassBySpringCGLIB$$bf6a73b3.invoke(<generated>) ~[classes/:na]
	at org.springframework.cglib.proxy.MethodProxy.invokeSuper(MethodProxy.java:244) ~[spring-core-5.3.25.jar:5.3.25]
	at org.springframework.context.annotation.ConfigurationClassEnhancer$BeanMethodInterceptor.intercept(ConfigurationClassEnhancer.java:331) ~[spring-context-5.3.25.jar:5.3.25]
	at com.serveTechIT.ServeTechIt.session.config.SessionConfig$$EnhancerBySpringCGLIB$$79430fb2.connectionFactory(<generated>) ~[classes/:na]
	at java.base/jdk.internal.reflect.NativeMethodAccessorImpl.invoke0(Native Method) ~[na:na]
	at java.base/jdk.internal.reflect.NativeMethodAccessorImpl.invoke(NativeMethodAccessorImpl.java:77) ~[na:na]
	at java.base/jdk.internal.reflect.DelegatingMethodAccessorImpl.invoke(DelegatingMethodAccessorImpl.java:43) ~[na:na]
	at java.base/java.lang.reflect.Method.invoke(Method.java:568) ~[na:na]
	at org.springframework.beans.factory.support.SimpleInstantiationStrategy.instantiate(SimpleInstantiationStrategy.java:154) ~[spring-beans-5.3.25.jar:5.3.25]
	... 118 common frames omitted
Caused by: java.lang.ClassNotFoundException: io.lettuce.core.KeyScanArgs
	at java.base/jdk.internal.loader.BuiltinClassLoader.loadClass(BuiltinClassLoader.java:641) ~[na:na]
	at java.base/jdk.internal.loader.ClassLoaders$AppClassLoader.loadClass(ClassLoaders.java:188) ~[na:na]
	at java.base/java.lang.ClassLoader.loadClass(ClassLoader.java:520) ~[na:na]
	... 130 common frames omitted

]]></system-out>
  </testcase>
</testsuite>