<?xml version="1.0" encoding="UTF-8"?>
<testsuite xmlns:xsi="http://www.w3.org/2001/XMLSchema-instance" xsi:noNamespaceSchemaLocation="https://maven.apache.org/surefire/maven-surefire-plugin/xsd/surefire-test-report.xsd" name="com.serveTechIT.ServeTechIt.ServeTechApplicationTests" time="5.064" tests="1" errors="0" skipped="0" failures="0">
  <properties>
    <property name="java.specification.version" value="17"/>
    <property name="sun.jnu.encoding" value="UTF-8"/>
    <property name="java.class.path" value="/home/waxes27/WORK/ServTech-IT-Solutions/backend/target/test-classes:/home/waxes27/WORK/ServTech-IT-Solutions/backend/target/classes:/home/waxes27/.m2/repository/org/springframework/boot/spring-boot-starter-amqp/2.7.9/spring-boot-starter-amqp-2.7.9.jar:/home/waxes27/.m2/repository/org/springframework/boot/spring-boot-starter/2.7.9/spring-boot-starter-2.7.9.jar:/home/waxes27/.m2/repository/org/springframework/boot/spring-boot/2.7.9/spring-boot-2.7.9.jar:/home/waxes27/.m2/repository/org/springframework/boot/spring-boot-autoconfigure/2.7.9/spring-boot-autoconfigure-2.7.9.jar:/home/waxes27/.m2/repository/org/springframework/boot/spring-boot-starter-logging/2.7.9/spring-boot-starter-logging-2.7.9.jar:/home/waxes27/.m2/repository/ch/qos/logback/logback-classic/1.2.11/logback-classic-1.2.11.jar:/home/waxes27/.m2/repository/ch/qos/logback/logback-core/1.2.11/logback-core-1.2.11.jar:/home/waxes27/.m2/repository/org/apache/logging/log4j/log4j-to-slf4j/2.17.2/log4j-to-slf4j-2.17.2.jar:/home/waxes27/.m2/repository/org/apache/logging/log4j/log4j-api/2.17.2/log4j-api-2.17.2.jar:/home/waxes27/.m2/repository/org/slf4j/jul-to-slf4j/1.7.36/jul-to-slf4j-1.7.36.jar:/home/waxes27/.m2/repository/jakarta/annotation/jakarta.annotation-api/1.3.5/jakarta.annotation-api-1.3.5.jar:/home/waxes27/.m2/repository/org/yaml/snakeyaml/1.30/snakeyaml-1.30.jar:/home/waxes27/.m2/repository/org/springframework/spring-messaging/5.3.25/spring-messaging-5.3.25.jar:/home/waxes27/.m2/repository/org/springframework/spring-beans/5.3.25/spring-beans-5.3.25.jar:/home/waxes27/.m2/repository/org/springframework/amqp/spring-rabbit/2.4.10/spring-rabbit-2.4.10.jar:/home/waxes27/.m2/repository/org/springframework/amqp/spring-amqp/2.4.10/spring-amqp-2.4.10.jar:/home/waxes27/.m2/repository/org/springframework/retry/spring-retry/1.3.4/spring-retry-1.3.4.jar:/home/waxes27/.m2/repository/com/rabbitmq/amqp-client/5.14.2/amqp-client-5.14.2.jar:/home/waxes27/.m2/repository/org/springframework/spring-context/5.3.25/spring-context-5.3.25.jar:/home/waxes27/.m2/repository/org/springframework/spring-tx/5.3.25/spring-tx-5.3.25.jar:/home/waxes27/.m2/repository/org/springframework/boot/spring-boot-starter-data-jpa/2.7.9/spring-boot-starter-data-jpa-2.7.9.jar:/home/waxes27/.m2/repository/org/springframework/boot/spring-boot-starter-aop/2.7.9/spring-boot-starter-aop-2.7.9.jar:/home/waxes27/.m2/repository/org/aspectj/aspectjweaver/1.9.7/aspectjweaver-1.9.7.jar:/home/waxes27/.m2/repository/org/springframework/boot/spring-boot-starter-jdbc/2.7.9/spring-boot-starter-jdbc-2.7.9.jar:/home/waxes27/.m2/repository/com/zaxxer/HikariCP/4.0.3/HikariCP-4.0.3.jar:/home/waxes27/.m2/repository/org/springframework/spring-jdbc/5.3.25/spring-jdbc-5.3.25.jar:/home/waxes27/.m2/repository/jakarta/transaction/jakarta.transaction-api/1.3.3/jakarta.transaction-api-1.3.3.jar:/home/waxes27/.m2/repository/jakarta/persistence/jakarta.persistence-api/2.2.3/jakarta.persistence-api-2.2.3.jar:/home/waxes27/.m2/repository/org/hibernate/hibernate-core/5.6.15.Final/hibernate-core-5.6.15.Final.jar:/home/waxes27/.m2/repository/org/jboss/logging/jboss-logging/3.4.3.Final/jboss-logging-3.4.3.Final.jar:/home/waxes27/.m2/repository/net/bytebuddy/byte-buddy/1.12.23/byte-buddy-1.12.23.jar:/home/waxes27/.m2/repository/antlr/antlr/2.7.7/antlr-2.7.7.jar:/home/waxes27/.m2/repository/org/jboss/jandex/2.4.2.Final/jandex-2.4.2.Final.jar:/home/waxes27/.m2/repository/com/fasterxml/classmate/1.5.1/classmate-1.5.1.jar:/home/waxes27/.m2/repository/org/hibernate/common/hibernate-commons-annotations/5.1.2.Final/hibernate-commons-annotations-5.1.2.Final.jar:/home/waxes27/.m2/repository/org/glassfish/jaxb/jaxb-runtime/2.3.8/jaxb-runtime-2.3.8.jar:/home/waxes27/.m2/repository/org/glassfish/jaxb/txw2/2.3.8/txw2-2.3.8.jar:/home/waxes27/.m2/repository/com/sun/istack/istack-commons-runtime/3.0.12/istack-commons-runtime-3.0.12.jar:/home/waxes27/.m2/repository/com/sun/activation/jakarta.activation/1.2.2/jakarta.activation-1.2.2.jar:/home/waxes27/.m2/repository/org/springframework/data/spring-data-jpa/2.7.8/spring-data-jpa-2.7.8.jar:/home/waxes27/.m2/repository/org/springframework/data/spring-data-commons/2.7.8/spring-data-commons-2.7.8.jar:/home/waxes27/.m2/repository/org/springframework/spring-orm/5.3.25/spring-orm-5.3.25.jar:/home/waxes27/.m2/repository/org/slf4j/slf4j-api/1.7.36/slf4j-api-1.7.36.jar:/home/waxes27/.m2/repository/org/springframework/spring-aspects/5.3.25/spring-aspects-5.3.25.jar:/home/waxes27/.m2/repository/org/springframework/boot/spring-boot-starter-security/2.7.9/spring-boot-starter-security-2.7.9.jar:/home/waxes27/.m2/repository/org/springframework/spring-aop/5.3.25/spring-aop-5.3.25.jar:/home/waxes27/.m2/repository/org/springframework/security/spring-security-config/5.7.7/spring-security-config-5.7.7.jar:/home/waxes27/.m2/repository/org/springframework/security/spring-security-web/5.7.7/spring-security-web-5.7.7.jar:/home/waxes27/.m2/repository/org/springframework/spring-expression/5.3.25/spring-expression-5.3.25.jar:/home/waxes27/.m2/repository/org/springframework/boot/spring-boot-starter-web/2.7.9/spring-boot-starter-web-2.7.9.jar:/home/waxes27/.m2/repository/org/springframework/boot/spring-boot-starter-json/2.7.9/spring-boot-starter-json-2.7.9.jar:/home/waxes27/.m2/repository/com/fasterxml/jackson/core/jackson-databind/2.13.5/jackson-databind-2.13.5.jar:/home/waxes27/.m2/repository/com/fasterxml/jackson/core/jackson-annotations/2.13.5/jackson-annotations-2.13.5.jar:/home/waxes27/.m2/repository/com/fasterxml/jackson/core/jackson-core/2.13.5/jackson-core-2.13.5.jar:/home/waxes27/.m2/repository/com/fasterxml/jackson/datatype/jackson-datatype-jdk8/2.13.5/jackson-datatype-jdk8-2.13.5.jar:/home/waxes27/.m2/repository/com/fasterxml/jackson/datatype/jackson-datatype-jsr310/2.13.5/jackson-datatype-jsr310-2.13.5.jar:/home/waxes27/.m2/repository/com/fasterxml/jackson/module/jackson-module-parameter-names/2.13.5/jackson-module-parameter-names-2.13.5.jar:/home/waxes27/.m2/repository/org/springframework/boot/spring-boot-starter-tomcat/2.7.9/spring-boot-starter-tomcat-2.7.9.jar:/home/waxes27/.m2/repository/org/apache/tomcat/embed/tomcat-embed-core/9.0.71/tomcat-embed-core-9.0.71.jar:/home/waxes27/.m2/repository/org/apache/tomcat/embed/tomcat-embed-el/9.0.71/tomcat-embed-el-9.0.71.jar:/home/waxes27/.m2/repository/org/apache/tomcat/embed/tomcat-embed-websocket/9.0.71/tomcat-embed-websocket-9.0.71.jar:/home/waxes27/.m2/repository/org/springframework/spring-web/5.3.25/spring-web-5.3.25.jar:/home/waxes27/.m2/repository/org/springframework/spring-webmvc/5.3.25/spring-webmvc-5.3.25.jar:/home/waxes27/.m2/repository/org/apache/camel/springboot/camel-spring-boot-starter/3.20.2/camel-spring-boot-starter-3.20.2.jar:/home/waxes27/.m2/repository/org/apache/camel/springboot/camel-spring-boot/3.20.2/camel-spring-boot-3.20.2.jar:/home/waxes27/.m2/repository/org/apache/camel/camel-spring/3.20.2/camel-spring-3.20.2.jar:/home/waxes27/.m2/repository/org/apache/camel/camel-management-api/3.20.2/camel-management-api-3.20.2.jar:/home/waxes27/.m2/repository/org/apache/camel/camel-spring-main/3.20.2/camel-spring-main-3.20.2.jar:/home/waxes27/.m2/repository/org/apache/camel/camel-main/3.20.2/camel-main-3.20.2.jar:/home/waxes27/.m2/repository/org/apache/camel/camel-base/3.20.2/camel-base-3.20.2.jar:/home/waxes27/.m2/repository/org/apache/camel/camel-core-languages/3.20.2/camel-core-languages-3.20.2.jar:/home/waxes27/.m2/repository/org/apache/camel/camel-util-json/3.20.2/camel-util-json-3.20.2.jar:/home/waxes27/.m2/repository/org/apache/camel/camel-xml-jaxb-dsl/3.20.2/camel-xml-jaxb-dsl-3.20.2.jar:/home/waxes27/.m2/repository/org/apache/camel/camel-xml-jaxb/3.20.2/camel-xml-jaxb-3.20.2.jar:/home/waxes27/.m2/repository/com/sun/xml/bind/jaxb-core/2.3.0/jaxb-core-2.3.0.jar:/home/waxes27/.m2/repository/com/sun/xml/bind/jaxb-impl/2.3.3/jaxb-impl-2.3.3.jar:/home/waxes27/.m2/repository/org/apache/camel/camel-dsl-support/3.20.2/camel-dsl-support-3.20.2.jar:/home/waxes27/.m2/repository/org/apache/camel/camel-spring-xml/3.20.2/camel-spring-xml-3.20.2.jar:/home/waxes27/.m2/repository/org/apache/camel/camel-core-xml/3.20.2/camel-core-xml-3.20.2.jar:/home/waxes27/.m2/repository/javax/annotation/javax.annotation-api/1.3.2/javax.annotation-api-1.3.2.jar:/home/waxes27/.m2/repository/org/apache/camel/camel-cloud/3.20.2/camel-cloud-3.20.2.jar:/home/waxes27/.m2/repository/org/apache/camel/camel-core-model/3.20.2/camel-core-model-3.20.2.jar:/home/waxes27/.m2/repository/org/apache/camel/camel-core-processor/3.20.2/camel-core-processor-3.20.2.jar:/home/waxes27/.m2/repository/org/apache/camel/camel-cluster/3.20.2/camel-cluster-3.20.2.jar:/home/waxes27/.m2/repository/org/apache/camel/camel-base-engine/3.20.2/camel-base-engine-3.20.2.jar:/home/waxes27/.m2/repository/org/apache/camel/camel-health/3.20.2/camel-health-3.20.2.jar:/home/waxes27/.m2/repository/org/apache/camel/springboot/camel-core-starter/3.20.2/camel-core-starter-3.20.2.jar:/home/waxes27/.m2/repository/org/apache/camel/camel-core-engine/3.20.2/camel-core-engine-3.20.2.jar:/home/waxes27/.m2/repository/org/apache/camel/camel-api/3.20.2/camel-api-3.20.2.jar:/home/waxes27/.m2/repository/org/apache/camel/camel-core-reifier/3.20.2/camel-core-reifier-3.20.2.jar:/home/waxes27/.m2/repository/org/apache/camel/camel-support/3.20.2/camel-support-3.20.2.jar:/home/waxes27/.m2/repository/org/apache/camel/camel-util/3.20.2/camel-util-3.20.2.jar:/home/waxes27/.m2/repository/org/apache/camel/springboot/camel-bean-starter/3.20.2/camel-bean-starter-3.20.2.jar:/home/waxes27/.m2/repository/org/apache/camel/camel-bean/3.20.2/camel-bean-3.20.2.jar:/home/waxes27/.m2/repository/org/apache/camel/springboot/camel-browse-starter/3.20.2/camel-browse-starter-3.20.2.jar:/home/waxes27/.m2/repository/org/apache/camel/camel-browse/3.20.2/camel-browse-3.20.2.jar:/home/waxes27/.m2/repository/org/apache/camel/springboot/camel-controlbus-starter/3.20.2/camel-controlbus-starter-3.20.2.jar:/home/waxes27/.m2/repository/org/apache/camel/camel-controlbus/3.20.2/camel-controlbus-3.20.2.jar:/home/waxes27/.m2/repository/org/apache/camel/springboot/camel-dataformat-starter/3.20.2/camel-dataformat-starter-3.20.2.jar:/home/waxes27/.m2/repository/org/apache/camel/camel-dataformat/3.20.2/camel-dataformat-3.20.2.jar:/home/waxes27/.m2/repository/org/apache/camel/springboot/camel-dataset-starter/3.20.2/camel-dataset-starter-3.20.2.jar:/home/waxes27/.m2/repository/org/apache/camel/camel-dataset/3.20.2/camel-dataset-3.20.2.jar:/home/waxes27/.m2/repository/org/apache/camel/springboot/camel-direct-starter/3.20.2/camel-direct-starter-3.20.2.jar:/home/waxes27/.m2/repository/org/apache/camel/camel-direct/3.20.2/camel-direct-3.20.2.jar:/home/waxes27/.m2/repository/org/apache/camel/springboot/camel-directvm-starter/3.20.2/camel-directvm-starter-3.20.2.jar:/home/waxes27/.m2/repository/org/apache/camel/camel-directvm/3.20.2/camel-directvm-3.20.2.jar:/home/waxes27/.m2/repository/org/apache/camel/springboot/camel-file-starter/3.20.2/camel-file-starter-3.20.2.jar:/home/waxes27/.m2/repository/org/apache/camel/camel-file/3.20.2/camel-file-3.20.2.jar:/home/waxes27/.m2/repository/org/apache/camel/springboot/camel-language-starter/3.20.2/camel-language-starter-3.20.2.jar:/home/waxes27/.m2/repository/org/apache/camel/camel-language/3.20.2/camel-language-3.20.2.jar:/home/waxes27/.m2/repository/org/apache/camel/springboot/camel-log-starter/3.20.2/camel-log-starter-3.20.2.jar:/home/waxes27/.m2/repository/org/apache/camel/camel-log/3.20.2/camel-log-3.20.2.jar:/home/waxes27/.m2/repository/org/apache/camel/springboot/camel-mock-starter/3.20.2/camel-mock-starter-3.20.2.jar:/home/waxes27/.m2/repository/org/apache/camel/camel-mock/3.20.2/camel-mock-3.20.2.jar:/home/waxes27/.m2/repository/org/apache/camel/springboot/camel-ref-starter/3.20.2/camel-ref-starter-3.20.2.jar:/home/waxes27/.m2/repository/org/apache/camel/camel-ref/3.20.2/camel-ref-3.20.2.jar:/home/waxes27/.m2/repository/org/apache/camel/springboot/camel-rest-starter/3.20.2/camel-rest-starter-3.20.2.jar:/home/waxes27/.m2/repository/org/apache/camel/camel-rest/3.20.2/camel-rest-3.20.2.jar:/home/waxes27/.m2/repository/org/apache/camel/camel-tooling-model/3.20.2/camel-tooling-model-3.20.2.jar:/home/waxes27/.m2/repository/org/apache/camel/springboot/camel-saga-starter/3.20.2/camel-saga-starter-3.20.2.jar:/home/waxes27/.m2/repository/org/apache/camel/camel-saga/3.20.2/camel-saga-3.20.2.jar:/home/waxes27/.m2/repository/org/apache/camel/springboot/camel-scheduler-starter/3.20.2/camel-scheduler-starter-3.20.2.jar:/home/waxes27/.m2/repository/org/apache/camel/camel-scheduler/3.20.2/camel-scheduler-3.20.2.jar:/home/waxes27/.m2/repository/org/apache/camel/springboot/camel-seda-starter/3.20.2/camel-seda-starter-3.20.2.jar:/home/waxes27/.m2/repository/org/apache/camel/camel-seda/3.20.2/camel-seda-3.20.2.jar:/home/waxes27/.m2/repository/org/apache/camel/springboot/camel-stub-starter/3.20.2/camel-stub-starter-3.20.2.jar:/home/waxes27/.m2/repository/org/apache/camel/camel-stub/3.20.2/camel-stub-3.20.2.jar:/home/waxes27/.m2/repository/org/apache/camel/springboot/camel-timer-starter/3.20.2/camel-timer-starter-3.20.2.jar:/home/waxes27/.m2/repository/org/apache/camel/camel-timer/3.20.2/camel-timer-3.20.2.jar:/home/waxes27/.m2/repository/org/apache/camel/springboot/camel-validator-starter/3.20.2/camel-validator-starter-3.20.2.jar:/home/waxes27/.m2/repository/org/apache/camel/camel-validator/3.20.2/camel-validator-3.20.2.jar:/home/waxes27/.m2/repository/org/apache/camel/springboot/camel-vm-starter/3.20.2/camel-vm-starter-3.20.2.jar:/home/waxes27/.m2/repository/org/apache/camel/camel-vm/3.20.2/camel-vm-3.20.2.jar:/home/waxes27/.m2/repository/org/apache/camel/springboot/camel-xpath-starter/3.20.2/camel-xpath-starter-3.20.2.jar:/home/waxes27/.m2/repository/org/apache/camel/camel-xpath/3.20.2/camel-xpath-3.20.2.jar:/home/waxes27/.m2/repository/org/apache/camel/springboot/camel-xslt-starter/3.20.2/camel-xslt-starter-3.20.2.jar:/home/waxes27/.m2/repository/org/apache/camel/camel-xslt/3.20.2/camel-xslt-3.20.2.jar:/home/waxes27/.m2/repository/org/apache/camel/springboot/camel-xml-jaxp-starter/3.20.2/camel-xml-jaxp-starter-3.20.2.jar:/home/waxes27/.m2/repository/org/apache/camel/camel-xml-jaxp/3.20.2/camel-xml-jaxp-3.20.2.jar:/home/waxes27/.m2/repository/org/apache/camel/camel-xml-io-util/3.20.2/camel-xml-io-util-3.20.2.jar:/home/waxes27/.m2/repository/org/springframework/session/spring-session-core/2.7.0/spring-session-core-2.7.0.jar:/home/waxes27/.m2/repository/org/springframework/spring-jcl/5.3.25/spring-jcl-5.3.25.jar:/home/waxes27/.m2/repository/org/postgresql/postgresql/42.3.8/postgresql-42.3.8.jar:/home/waxes27/.m2/repository/org/checkerframework/checker-qual/3.5.0/checker-qual-3.5.0.jar:/home/waxes27/.m2/repository/org/projectlombok/lombok/1.18.26/lombok-1.18.26.jar:/home/waxes27/.m2/repository/org/springframework/boot/spring-boot-starter-test/2.7.9/spring-boot-starter-test-2.7.9.jar:/home/waxes27/.m2/repository/org/springframework/boot/spring-boot-test/2.7.9/spring-boot-test-2.7.9.jar:/home/waxes27/.m2/repository/org/springframework/boot/spring-boot-test-autoconfigure/2.7.9/spring-boot-test-autoconfigure-2.7.9.jar:/home/waxes27/.m2/repository/com/jayway/jsonpath/json-path/2.7.0/json-path-2.7.0.jar:/home/waxes27/.m2/repository/net/minidev/json-smart/2.4.8/json-smart-2.4.8.jar:/home/waxes27/.m2/repository/net/minidev/accessors-smart/2.4.8/accessors-smart-2.4.8.jar:/home/waxes27/.m2/repository/org/ow2/asm/asm/9.1/asm-9.1.jar:/home/waxes27/.m2/repository/jakarta/xml/bind/jakarta.xml.bind-api/2.3.3/jakarta.xml.bind-api-2.3.3.jar:/home/waxes27/.m2/repository/jakarta/activation/jakarta.activation-api/1.2.2/jakarta.activation-api-1.2.2.jar:/home/waxes27/.m2/repository/org/assertj/assertj-core/3.22.0/assertj-core-3.22.0.jar:/home/waxes27/.m2/repository/org/hamcrest/hamcrest/2.2/hamcrest-2.2.jar:/home/waxes27/.m2/repository/org/junit/jupiter/junit-jupiter/5.8.2/junit-jupiter-5.8.2.jar:/home/waxes27/.m2/repository/org/junit/jupiter/junit-jupiter-api/5.8.2/junit-jupiter-api-5.8.2.jar:/home/waxes27/.m2/repository/org/opentest4j/opentest4j/1.2.0/opentest4j-1.2.0.jar:/home/waxes27/.m2/repository/org/junit/platform/junit-platform-commons/1.8.2/junit-platform-commons-1.8.2.jar:/home/waxes27/.m2/repository/org/apiguardian/apiguardian-api/1.1.2/apiguardian-api-1.1.2.jar:/home/waxes27/.m2/repository/org/junit/jupiter/junit-jupiter-params/5.8.2/junit-jupiter-params-5.8.2.jar:/home/waxes27/.m2/repository/org/junit/jupiter/junit-jupiter-engine/5.8.2/junit-jupiter-engine-5.8.2.jar:/home/waxes27/.m2/repository/org/junit/platform/junit-platform-engine/1.8.2/junit-platform-engine-1.8.2.jar:/home/waxes27/.m2/repository/org/mockito/mockito-core/4.5.1/mockito-core-4.5.1.jar:/home/waxes27/.m2/repository/net/bytebuddy/byte-buddy-agent/1.12.23/byte-buddy-agent-1.12.23.jar:/home/waxes27/.m2/repository/org/objenesis/objenesis/3.2/objenesis-3.2.jar:/home/waxes27/.m2/repository/org/mockito/mockito-junit-jupiter/4.5.1/mockito-junit-jupiter-4.5.1.jar:/home/waxes27/.m2/repository/org/skyscreamer/jsonassert/1.5.1/jsonassert-1.5.1.jar:/home/waxes27/.m2/repository/com/vaadin/external/google/android-json/0.0.20131108.vaadin1/android-json-0.0.20131108.vaadin1.jar:/home/waxes27/.m2/repository/org/springframework/spring-core/5.3.25/spring-core-5.3.25.jar:/home/waxes27/.m2/repository/org/springframework/spring-test/5.3.25/spring-test-5.3.25.jar:/home/waxes27/.m2/repository/org/xmlunit/xmlunit-core/2.9.1/xmlunit-core-2.9.1.jar:/home/waxes27/.m2/repository/org/springframework/amqp/spring-rabbit-test/2.4.10/spring-rabbit-test-2.4.10.jar:/home/waxes27/.m2/repository/org/springframework/amqp/spring-rabbit-junit/2.4.10/spring-rabbit-junit-2.4.10.jar:/home/waxes27/.m2/repository/org/apache/httpcomponents/httpclient/4.5.14/httpclient-4.5.14.jar:/home/waxes27/.m2/repository/org/apache/httpcomponents/httpcore/4.4.16/httpcore-4.4.16.jar:/home/waxes27/.m2/repository/commons-codec/commons-codec/1.15/commons-codec-1.15.jar:/home/waxes27/.m2/repository/org/hamcrest/hamcrest-library/2.2/hamcrest-library-2.2.jar:/home/waxes27/.m2/repository/org/hamcrest/hamcrest-core/2.2/hamcrest-core-2.2.jar:/home/waxes27/.m2/repository/org/springframework/security/spring-security-test/5.7.7/spring-security-test-5.7.7.jar:/home/waxes27/.m2/repository/org/springframework/security/spring-security-core/5.7.7/spring-security-core-5.7.7.jar:/home/waxes27/.m2/repository/org/springframework/security/spring-security-crypto/5.7.7/spring-security-crypto-5.7.7.jar:"/>
    <property name="java.vm.vendor" value="Azul Systems, Inc."/>
    <property name="sun.arch.data.model" value="64"/>
    <property name="swing.aatext" value="true"/>
    <property name="java.vendor.url" value="http://www.azul.com/"/>
    <property name="os.name" value="Linux"/>
    <property name="java.vm.specification.version" value="17"/>
    <property name="sun.java.launcher" value="SUN_STANDARD"/>
    <property name="user.country" value="ZA"/>
    <property name="sun.boot.library.path" value="/home/waxes27/.sdkman/candidates/java/17.0.6-zulu/lib"/>
    <property name="sun.java.command" value="/home/waxes27/WORK/ServTech-IT-Solutions/backend/target/surefire/surefirebooter5559922797385106333.jar /home/waxes27/WORK/ServTech-IT-Solutions/backend/target/surefire 2023-03-04T18-55-27_873-jvmRun1 surefire280187390276566250tmp surefire_02992628129758660819tmp"/>
    <property name="jdk.debug" value="release"/>
    <property name="surefire.test.class.path" value="/home/waxes27/WORK/ServTech-IT-Solutions/backend/target/test-classes:/home/waxes27/WORK/ServTech-IT-Solutions/backend/target/classes:/home/waxes27/.m2/repository/org/springframework/boot/spring-boot-starter-amqp/2.7.9/spring-boot-starter-amqp-2.7.9.jar:/home/waxes27/.m2/repository/org/springframework/boot/spring-boot-starter/2.7.9/spring-boot-starter-2.7.9.jar:/home/waxes27/.m2/repository/org/springframework/boot/spring-boot/2.7.9/spring-boot-2.7.9.jar:/home/waxes27/.m2/repository/org/springframework/boot/spring-boot-autoconfigure/2.7.9/spring-boot-autoconfigure-2.7.9.jar:/home/waxes27/.m2/repository/org/springframework/boot/spring-boot-starter-logging/2.7.9/spring-boot-starter-logging-2.7.9.jar:/home/waxes27/.m2/repository/ch/qos/logback/logback-classic/1.2.11/logback-classic-1.2.11.jar:/home/waxes27/.m2/repository/ch/qos/logback/logback-core/1.2.11/logback-core-1.2.11.jar:/home/waxes27/.m2/repository/org/apache/logging/log4j/log4j-to-slf4j/2.17.2/log4j-to-slf4j-2.17.2.jar:/home/waxes27/.m2/repository/org/apache/logging/log4j/log4j-api/2.17.2/log4j-api-2.17.2.jar:/home/waxes27/.m2/repository/org/slf4j/jul-to-slf4j/1.7.36/jul-to-slf4j-1.7.36.jar:/home/waxes27/.m2/repository/jakarta/annotation/jakarta.annotation-api/1.3.5/jakarta.annotation-api-1.3.5.jar:/home/waxes27/.m2/repository/org/yaml/snakeyaml/1.30/snakeyaml-1.30.jar:/home/waxes27/.m2/repository/org/springframework/spring-messaging/5.3.25/spring-messaging-5.3.25.jar:/home/waxes27/.m2/repository/org/springframework/spring-beans/5.3.25/spring-beans-5.3.25.jar:/home/waxes27/.m2/repository/org/springframework/amqp/spring-rabbit/2.4.10/spring-rabbit-2.4.10.jar:/home/waxes27/.m2/repository/org/springframework/amqp/spring-amqp/2.4.10/spring-amqp-2.4.10.jar:/home/waxes27/.m2/repository/org/springframework/retry/spring-retry/1.3.4/spring-retry-1.3.4.jar:/home/waxes27/.m2/repository/com/rabbitmq/amqp-client/5.14.2/amqp-client-5.14.2.jar:/home/waxes27/.m2/repository/org/springframework/spring-context/5.3.25/spring-context-5.3.25.jar:/home/waxes27/.m2/repository/org/springframework/spring-tx/5.3.25/spring-tx-5.3.25.jar:/home/waxes27/.m2/repository/org/springframework/boot/spring-boot-starter-data-jpa/2.7.9/spring-boot-starter-data-jpa-2.7.9.jar:/home/waxes27/.m2/repository/org/springframework/boot/spring-boot-starter-aop/2.7.9/spring-boot-starter-aop-2.7.9.jar:/home/waxes27/.m2/repository/org/aspectj/aspectjweaver/1.9.7/aspectjweaver-1.9.7.jar:/home/waxes27/.m2/repository/org/springframework/boot/spring-boot-starter-jdbc/2.7.9/spring-boot-starter-jdbc-2.7.9.jar:/home/waxes27/.m2/repository/com/zaxxer/HikariCP/4.0.3/HikariCP-4.0.3.jar:/home/waxes27/.m2/repository/org/springframework/spring-jdbc/5.3.25/spring-jdbc-5.3.25.jar:/home/waxes27/.m2/repository/jakarta/transaction/jakarta.transaction-api/1.3.3/jakarta.transaction-api-1.3.3.jar:/home/waxes27/.m2/repository/jakarta/persistence/jakarta.persistence-api/2.2.3/jakarta.persistence-api-2.2.3.jar:/home/waxes27/.m2/repository/org/hibernate/hibernate-core/5.6.15.Final/hibernate-core-5.6.15.Final.jar:/home/waxes27/.m2/repository/org/jboss/logging/jboss-logging/3.4.3.Final/jboss-logging-3.4.3.Final.jar:/home/waxes27/.m2/repository/net/bytebuddy/byte-buddy/1.12.23/byte-buddy-1.12.23.jar:/home/waxes27/.m2/repository/antlr/antlr/2.7.7/antlr-2.7.7.jar:/home/waxes27/.m2/repository/org/jboss/jandex/2.4.2.Final/jandex-2.4.2.Final.jar:/home/waxes27/.m2/repository/com/fasterxml/classmate/1.5.1/classmate-1.5.1.jar:/home/waxes27/.m2/repository/org/hibernate/common/hibernate-commons-annotations/5.1.2.Final/hibernate-commons-annotations-5.1.2.Final.jar:/home/waxes27/.m2/repository/org/glassfish/jaxb/jaxb-runtime/2.3.8/jaxb-runtime-2.3.8.jar:/home/waxes27/.m2/repository/org/glassfish/jaxb/txw2/2.3.8/txw2-2.3.8.jar:/home/waxes27/.m2/repository/com/sun/istack/istack-commons-runtime/3.0.12/istack-commons-runtime-3.0.12.jar:/home/waxes27/.m2/repository/com/sun/activation/jakarta.activation/1.2.2/jakarta.activation-1.2.2.jar:/home/waxes27/.m2/repository/org/springframework/data/spring-data-jpa/2.7.8/spring-data-jpa-2.7.8.jar:/home/waxes27/.m2/repository/org/springframework/data/spring-data-commons/2.7.8/spring-data-commons-2.7.8.jar:/home/waxes27/.m2/repository/org/springframework/spring-orm/5.3.25/spring-orm-5.3.25.jar:/home/waxes27/.m2/repository/org/slf4j/slf4j-api/1.7.36/slf4j-api-1.7.36.jar:/home/waxes27/.m2/repository/org/springframework/spring-aspects/5.3.25/spring-aspects-5.3.25.jar:/home/waxes27/.m2/repository/org/springframework/boot/spring-boot-starter-security/2.7.9/spring-boot-starter-security-2.7.9.jar:/home/waxes27/.m2/repository/org/springframework/spring-aop/5.3.25/spring-aop-5.3.25.jar:/home/waxes27/.m2/repository/org/springframework/security/spring-security-config/5.7.7/spring-security-config-5.7.7.jar:/home/waxes27/.m2/repository/org/springframework/security/spring-security-web/5.7.7/spring-security-web-5.7.7.jar:/home/waxes27/.m2/repository/org/springframework/spring-expression/5.3.25/spring-expression-5.3.25.jar:/home/waxes27/.m2/repository/org/springframework/boot/spring-boot-starter-web/2.7.9/spring-boot-starter-web-2.7.9.jar:/home/waxes27/.m2/repository/org/springframework/boot/spring-boot-starter-json/2.7.9/spring-boot-starter-json-2.7.9.jar:/home/waxes27/.m2/repository/com/fasterxml/jackson/core/jackson-databind/2.13.5/jackson-databind-2.13.5.jar:/home/waxes27/.m2/repository/com/fasterxml/jackson/core/jackson-annotations/2.13.5/jackson-annotations-2.13.5.jar:/home/waxes27/.m2/repository/com/fasterxml/jackson/core/jackson-core/2.13.5/jackson-core-2.13.5.jar:/home/waxes27/.m2/repository/com/fasterxml/jackson/datatype/jackson-datatype-jdk8/2.13.5/jackson-datatype-jdk8-2.13.5.jar:/home/waxes27/.m2/repository/com/fasterxml/jackson/datatype/jackson-datatype-jsr310/2.13.5/jackson-datatype-jsr310-2.13.5.jar:/home/waxes27/.m2/repository/com/fasterxml/jackson/module/jackson-module-parameter-names/2.13.5/jackson-module-parameter-names-2.13.5.jar:/home/waxes27/.m2/repository/org/springframework/boot/spring-boot-starter-tomcat/2.7.9/spring-boot-starter-tomcat-2.7.9.jar:/home/waxes27/.m2/repository/org/apache/tomcat/embed/tomcat-embed-core/9.0.71/tomcat-embed-core-9.0.71.jar:/home/waxes27/.m2/repository/org/apache/tomcat/embed/tomcat-embed-el/9.0.71/tomcat-embed-el-9.0.71.jar:/home/waxes27/.m2/repository/org/apache/tomcat/embed/tomcat-embed-websocket/9.0.71/tomcat-embed-websocket-9.0.71.jar:/home/waxes27/.m2/repository/org/springframework/spring-web/5.3.25/spring-web-5.3.25.jar:/home/waxes27/.m2/repository/org/springframework/spring-webmvc/5.3.25/spring-webmvc-5.3.25.jar:/home/waxes27/.m2/repository/org/apache/camel/springboot/camel-spring-boot-starter/3.20.2/camel-spring-boot-starter-3.20.2.jar:/home/waxes27/.m2/repository/org/apache/camel/springboot/camel-spring-boot/3.20.2/camel-spring-boot-3.20.2.jar:/home/waxes27/.m2/repository/org/apache/camel/camel-spring/3.20.2/camel-spring-3.20.2.jar:/home/waxes27/.m2/repository/org/apache/camel/camel-management-api/3.20.2/camel-management-api-3.20.2.jar:/home/waxes27/.m2/repository/org/apache/camel/camel-spring-main/3.20.2/camel-spring-main-3.20.2.jar:/home/waxes27/.m2/repository/org/apache/camel/camel-main/3.20.2/camel-main-3.20.2.jar:/home/waxes27/.m2/repository/org/apache/camel/camel-base/3.20.2/camel-base-3.20.2.jar:/home/waxes27/.m2/repository/org/apache/camel/camel-core-languages/3.20.2/camel-core-languages-3.20.2.jar:/home/waxes27/.m2/repository/org/apache/camel/camel-util-json/3.20.2/camel-util-json-3.20.2.jar:/home/waxes27/.m2/repository/org/apache/camel/camel-xml-jaxb-dsl/3.20.2/camel-xml-jaxb-dsl-3.20.2.jar:/home/waxes27/.m2/repository/org/apache/camel/camel-xml-jaxb/3.20.2/camel-xml-jaxb-3.20.2.jar:/home/waxes27/.m2/repository/com/sun/xml/bind/jaxb-core/2.3.0/jaxb-core-2.3.0.jar:/home/waxes27/.m2/repository/com/sun/xml/bind/jaxb-impl/2.3.3/jaxb-impl-2.3.3.jar:/home/waxes27/.m2/repository/org/apache/camel/camel-dsl-support/3.20.2/camel-dsl-support-3.20.2.jar:/home/waxes27/.m2/repository/org/apache/camel/camel-spring-xml/3.20.2/camel-spring-xml-3.20.2.jar:/home/waxes27/.m2/repository/org/apache/camel/camel-core-xml/3.20.2/camel-core-xml-3.20.2.jar:/home/waxes27/.m2/repository/javax/annotation/javax.annotation-api/1.3.2/javax.annotation-api-1.3.2.jar:/home/waxes27/.m2/repository/org/apache/camel/camel-cloud/3.20.2/camel-cloud-3.20.2.jar:/home/waxes27/.m2/repository/org/apache/camel/camel-core-model/3.20.2/camel-core-model-3.20.2.jar:/home/waxes27/.m2/repository/org/apache/camel/camel-core-processor/3.20.2/camel-core-processor-3.20.2.jar:/home/waxes27/.m2/repository/org/apache/camel/camel-cluster/3.20.2/camel-cluster-3.20.2.jar:/home/waxes27/.m2/repository/org/apache/camel/camel-base-engine/3.20.2/camel-base-engine-3.20.2.jar:/home/waxes27/.m2/repository/org/apache/camel/camel-health/3.20.2/camel-health-3.20.2.jar:/home/waxes27/.m2/repository/org/apache/camel/springboot/camel-core-starter/3.20.2/camel-core-starter-3.20.2.jar:/home/waxes27/.m2/repository/org/apache/camel/camel-core-engine/3.20.2/camel-core-engine-3.20.2.jar:/home/waxes27/.m2/repository/org/apache/camel/camel-api/3.20.2/camel-api-3.20.2.jar:/home/waxes27/.m2/repository/org/apache/camel/camel-core-reifier/3.20.2/camel-core-reifier-3.20.2.jar:/home/waxes27/.m2/repository/org/apache/camel/camel-support/3.20.2/camel-support-3.20.2.jar:/home/waxes27/.m2/repository/org/apache/camel/camel-util/3.20.2/camel-util-3.20.2.jar:/home/waxes27/.m2/repository/org/apache/camel/springboot/camel-bean-starter/3.20.2/camel-bean-starter-3.20.2.jar:/home/waxes27/.m2/repository/org/apache/camel/camel-bean/3.20.2/camel-bean-3.20.2.jar:/home/waxes27/.m2/repository/org/apache/camel/springboot/camel-browse-starter/3.20.2/camel-browse-starter-3.20.2.jar:/home/waxes27/.m2/repository/org/apache/camel/camel-browse/3.20.2/camel-browse-3.20.2.jar:/home/waxes27/.m2/repository/org/apache/camel/springboot/camel-controlbus-starter/3.20.2/camel-controlbus-starter-3.20.2.jar:/home/waxes27/.m2/repository/org/apache/camel/camel-controlbus/3.20.2/camel-controlbus-3.20.2.jar:/home/waxes27/.m2/repository/org/apache/camel/springboot/camel-dataformat-starter/3.20.2/camel-dataformat-starter-3.20.2.jar:/home/waxes27/.m2/repository/org/apache/camel/camel-dataformat/3.20.2/camel-dataformat-3.20.2.jar:/home/waxes27/.m2/repository/org/apache/camel/springboot/camel-dataset-starter/3.20.2/camel-dataset-starter-3.20.2.jar:/home/waxes27/.m2/repository/org/apache/camel/camel-dataset/3.20.2/camel-dataset-3.20.2.jar:/home/waxes27/.m2/repository/org/apache/camel/springboot/camel-direct-starter/3.20.2/camel-direct-starter-3.20.2.jar:/home/waxes27/.m2/repository/org/apache/camel/camel-direct/3.20.2/camel-direct-3.20.2.jar:/home/waxes27/.m2/repository/org/apache/camel/springboot/camel-directvm-starter/3.20.2/camel-directvm-starter-3.20.2.jar:/home/waxes27/.m2/repository/org/apache/camel/camel-directvm/3.20.2/camel-directvm-3.20.2.jar:/home/waxes27/.m2/repository/org/apache/camel/springboot/camel-file-starter/3.20.2/camel-file-starter-3.20.2.jar:/home/waxes27/.m2/repository/org/apache/camel/camel-file/3.20.2/camel-file-3.20.2.jar:/home/waxes27/.m2/repository/org/apache/camel/springboot/camel-language-starter/3.20.2/camel-language-starter-3.20.2.jar:/home/waxes27/.m2/repository/org/apache/camel/camel-language/3.20.2/camel-language-3.20.2.jar:/home/waxes27/.m2/repository/org/apache/camel/springboot/camel-log-starter/3.20.2/camel-log-starter-3.20.2.jar:/home/waxes27/.m2/repository/org/apache/camel/camel-log/3.20.2/camel-log-3.20.2.jar:/home/waxes27/.m2/repository/org/apache/camel/springboot/camel-mock-starter/3.20.2/camel-mock-starter-3.20.2.jar:/home/waxes27/.m2/repository/org/apache/camel/camel-mock/3.20.2/camel-mock-3.20.2.jar:/home/waxes27/.m2/repository/org/apache/camel/springboot/camel-ref-starter/3.20.2/camel-ref-starter-3.20.2.jar:/home/waxes27/.m2/repository/org/apache/camel/camel-ref/3.20.2/camel-ref-3.20.2.jar:/home/waxes27/.m2/repository/org/apache/camel/springboot/camel-rest-starter/3.20.2/camel-rest-starter-3.20.2.jar:/home/waxes27/.m2/repository/org/apache/camel/camel-rest/3.20.2/camel-rest-3.20.2.jar:/home/waxes27/.m2/repository/org/apache/camel/camel-tooling-model/3.20.2/camel-tooling-model-3.20.2.jar:/home/waxes27/.m2/repository/org/apache/camel/springboot/camel-saga-starter/3.20.2/camel-saga-starter-3.20.2.jar:/home/waxes27/.m2/repository/org/apache/camel/camel-saga/3.20.2/camel-saga-3.20.2.jar:/home/waxes27/.m2/repository/org/apache/camel/springboot/camel-scheduler-starter/3.20.2/camel-scheduler-starter-3.20.2.jar:/home/waxes27/.m2/repository/org/apache/camel/camel-scheduler/3.20.2/camel-scheduler-3.20.2.jar:/home/waxes27/.m2/repository/org/apache/camel/springboot/camel-seda-starter/3.20.2/camel-seda-starter-3.20.2.jar:/home/waxes27/.m2/repository/org/apache/camel/camel-seda/3.20.2/camel-seda-3.20.2.jar:/home/waxes27/.m2/repository/org/apache/camel/springboot/camel-stub-starter/3.20.2/camel-stub-starter-3.20.2.jar:/home/waxes27/.m2/repository/org/apache/camel/camel-stub/3.20.2/camel-stub-3.20.2.jar:/home/waxes27/.m2/repository/org/apache/camel/springboot/camel-timer-starter/3.20.2/camel-timer-starter-3.20.2.jar:/home/waxes27/.m2/repository/org/apache/camel/camel-timer/3.20.2/camel-timer-3.20.2.jar:/home/waxes27/.m2/repository/org/apache/camel/springboot/camel-validator-starter/3.20.2/camel-validator-starter-3.20.2.jar:/home/waxes27/.m2/repository/org/apache/camel/camel-validator/3.20.2/camel-validator-3.20.2.jar:/home/waxes27/.m2/repository/org/apache/camel/springboot/camel-vm-starter/3.20.2/camel-vm-starter-3.20.2.jar:/home/waxes27/.m2/repository/org/apache/camel/camel-vm/3.20.2/camel-vm-3.20.2.jar:/home/waxes27/.m2/repository/org/apache/camel/springboot/camel-xpath-starter/3.20.2/camel-xpath-starter-3.20.2.jar:/home/waxes27/.m2/repository/org/apache/camel/camel-xpath/3.20.2/camel-xpath-3.20.2.jar:/home/waxes27/.m2/repository/org/apache/camel/springboot/camel-xslt-starter/3.20.2/camel-xslt-starter-3.20.2.jar:/home/waxes27/.m2/repository/org/apache/camel/camel-xslt/3.20.2/camel-xslt-3.20.2.jar:/home/waxes27/.m2/repository/org/apache/camel/springboot/camel-xml-jaxp-starter/3.20.2/camel-xml-jaxp-starter-3.20.2.jar:/home/waxes27/.m2/repository/org/apache/camel/camel-xml-jaxp/3.20.2/camel-xml-jaxp-3.20.2.jar:/home/waxes27/.m2/repository/org/apache/camel/camel-xml-io-util/3.20.2/camel-xml-io-util-3.20.2.jar:/home/waxes27/.m2/repository/org/springframework/session/spring-session-core/2.7.0/spring-session-core-2.7.0.jar:/home/waxes27/.m2/repository/org/springframework/spring-jcl/5.3.25/spring-jcl-5.3.25.jar:/home/waxes27/.m2/repository/org/postgresql/postgresql/42.3.8/postgresql-42.3.8.jar:/home/waxes27/.m2/repository/org/checkerframework/checker-qual/3.5.0/checker-qual-3.5.0.jar:/home/waxes27/.m2/repository/org/projectlombok/lombok/1.18.26/lombok-1.18.26.jar:/home/waxes27/.m2/repository/org/springframework/boot/spring-boot-starter-test/2.7.9/spring-boot-starter-test-2.7.9.jar:/home/waxes27/.m2/repository/org/springframework/boot/spring-boot-test/2.7.9/spring-boot-test-2.7.9.jar:/home/waxes27/.m2/repository/org/springframework/boot/spring-boot-test-autoconfigure/2.7.9/spring-boot-test-autoconfigure-2.7.9.jar:/home/waxes27/.m2/repository/com/jayway/jsonpath/json-path/2.7.0/json-path-2.7.0.jar:/home/waxes27/.m2/repository/net/minidev/json-smart/2.4.8/json-smart-2.4.8.jar:/home/waxes27/.m2/repository/net/minidev/accessors-smart/2.4.8/accessors-smart-2.4.8.jar:/home/waxes27/.m2/repository/org/ow2/asm/asm/9.1/asm-9.1.jar:/home/waxes27/.m2/repository/jakarta/xml/bind/jakarta.xml.bind-api/2.3.3/jakarta.xml.bind-api-2.3.3.jar:/home/waxes27/.m2/repository/jakarta/activation/jakarta.activation-api/1.2.2/jakarta.activation-api-1.2.2.jar:/home/waxes27/.m2/repository/org/assertj/assertj-core/3.22.0/assertj-core-3.22.0.jar:/home/waxes27/.m2/repository/org/hamcrest/hamcrest/2.2/hamcrest-2.2.jar:/home/waxes27/.m2/repository/org/junit/jupiter/junit-jupiter/5.8.2/junit-jupiter-5.8.2.jar:/home/waxes27/.m2/repository/org/junit/jupiter/junit-jupiter-api/5.8.2/junit-jupiter-api-5.8.2.jar:/home/waxes27/.m2/repository/org/opentest4j/opentest4j/1.2.0/opentest4j-1.2.0.jar:/home/waxes27/.m2/repository/org/junit/platform/junit-platform-commons/1.8.2/junit-platform-commons-1.8.2.jar:/home/waxes27/.m2/repository/org/apiguardian/apiguardian-api/1.1.2/apiguardian-api-1.1.2.jar:/home/waxes27/.m2/repository/org/junit/jupiter/junit-jupiter-params/5.8.2/junit-jupiter-params-5.8.2.jar:/home/waxes27/.m2/repository/org/junit/jupiter/junit-jupiter-engine/5.8.2/junit-jupiter-engine-5.8.2.jar:/home/waxes27/.m2/repository/org/junit/platform/junit-platform-engine/1.8.2/junit-platform-engine-1.8.2.jar:/home/waxes27/.m2/repository/org/mockito/mockito-core/4.5.1/mockito-core-4.5.1.jar:/home/waxes27/.m2/repository/net/bytebuddy/byte-buddy-agent/1.12.23/byte-buddy-agent-1.12.23.jar:/home/waxes27/.m2/repository/org/objenesis/objenesis/3.2/objenesis-3.2.jar:/home/waxes27/.m2/repository/org/mockito/mockito-junit-jupiter/4.5.1/mockito-junit-jupiter-4.5.1.jar:/home/waxes27/.m2/repository/org/skyscreamer/jsonassert/1.5.1/jsonassert-1.5.1.jar:/home/waxes27/.m2/repository/com/vaadin/external/google/android-json/0.0.20131108.vaadin1/android-json-0.0.20131108.vaadin1.jar:/home/waxes27/.m2/repository/org/springframework/spring-core/5.3.25/spring-core-5.3.25.jar:/home/waxes27/.m2/repository/org/springframework/spring-test/5.3.25/spring-test-5.3.25.jar:/home/waxes27/.m2/repository/org/xmlunit/xmlunit-core/2.9.1/xmlunit-core-2.9.1.jar:/home/waxes27/.m2/repository/org/springframework/amqp/spring-rabbit-test/2.4.10/spring-rabbit-test-2.4.10.jar:/home/waxes27/.m2/repository/org/springframework/amqp/spring-rabbit-junit/2.4.10/spring-rabbit-junit-2.4.10.jar:/home/waxes27/.m2/repository/org/apache/httpcomponents/httpclient/4.5.14/httpclient-4.5.14.jar:/home/waxes27/.m2/repository/org/apache/httpcomponents/httpcore/4.4.16/httpcore-4.4.16.jar:/home/waxes27/.m2/repository/commons-codec/commons-codec/1.15/commons-codec-1.15.jar:/home/waxes27/.m2/repository/org/hamcrest/hamcrest-library/2.2/hamcrest-library-2.2.jar:/home/waxes27/.m2/repository/org/hamcrest/hamcrest-core/2.2/hamcrest-core-2.2.jar:/home/waxes27/.m2/repository/org/springframework/security/spring-security-test/5.7.7/spring-security-test-5.7.7.jar:/home/waxes27/.m2/repository/org/springframework/security/spring-security-core/5.7.7/spring-security-core-5.7.7.jar:/home/waxes27/.m2/repository/org/springframework/security/spring-security-crypto/5.7.7/spring-security-crypto-5.7.7.jar:"/>
    <property name="sun.cpu.endian" value="little"/>
    <property name="user.home" value="/home/waxes27"/>
    <property name="user.language" value="en"/>
    <property name="java.specification.vendor" value="Oracle Corporation"/>
    <property name="java.version.date" value="2023-01-17"/>
    <property name="java.home" value="/home/waxes27/.sdkman/candidates/java/17.0.6-zulu"/>
    <property name="file.separator" value="/"/>
    <property name="basedir" value="/home/waxes27/WORK/ServTech-IT-Solutions/backend"/>
    <property name="java.vm.compressedOopsMode" value="Zero based"/>
    <property name="line.separator" value="&#10;"/>
    <property name="java.specification.name" value="Java Platform API Specification"/>
    <property name="java.vm.specification.vendor" value="Oracle Corporation"/>
    <property name="surefire.real.class.path" value="/home/waxes27/WORK/ServTech-IT-Solutions/backend/target/surefire/surefirebooter5559922797385106333.jar"/>
    <property name="awt.useSystemAAFontSettings" value="on"/>
    <property name="sun.management.compiler" value="HotSpot 64-Bit Tiered Compilers"/>
    <property name="java.runtime.version" value="17.0.6+10-LTS"/>
    <property name="user.name" value="waxes27"/>
    <property name="path.separator" value=":"/>
    <property name="os.version" value="5.18.0-kali5-amd64"/>
    <property name="java.runtime.name" value="OpenJDK Runtime Environment"/>
    <property name="file.encoding" value="UTF-8"/>
    <property name="java.vm.name" value="OpenJDK 64-Bit Server VM"/>
    <property name="java.vendor.version" value="Zulu17.40+19-CA"/>
    <property name="localRepository" value="/home/waxes27/.m2/repository"/>
    <property name="java.vendor.url.bug" value="http://www.azul.com/support/"/>
    <property name="java.io.tmpdir" value="/tmp"/>
    <property name="java.version" value="17.0.6"/>
    <property name="user.dir" value="/home/waxes27/WORK/ServTech-IT-Solutions/backend"/>
    <property name="os.arch" value="amd64"/>
    <property name="java.vm.specification.name" value="Java Virtual Machine Specification"/>
    <property name="native.encoding" value="UTF-8"/>
    <property name="java.library.path" value="/usr/java/packages/lib:/usr/lib64:/lib64:/lib:/usr/lib"/>
    <property name="java.vm.info" value="mixed mode, sharing"/>
    <property name="java.vendor" value="Azul Systems, Inc."/>
    <property name="java.vm.version" value="17.0.6+10-LTS"/>
    <property name="sun.io.unicode.encoding" value="UnicodeLittle"/>
    <property name="java.class.version" value="61.0"/>
  </properties>
  <testcase name="contextLoads" classname="com.serveTechIT.ServeTechIt.ServeTechApplicationTests" time="0.156"/>
</testsuite>